07/12 14:39:01 SEVERE newagent.SampleAdNetworkModified|Exception thrown while trying to parse message.{0}
java.lang.NullPointerException
	at newagent.PredictImpressionCost.predictOneDayPriceIndex(PredictImpressionCost.java:48)
	at newagent.PredictCampaignCost.predictMultidayPriceIndex(PredictCampaignCost.java:58)
	at newagent.HandleCampaignOpportunityMessage.run(HandleCampaignOpportunityMessage.java:156)
	at newagent.SampleAdNetworkModified.handleICampaignOpportunityMessage(SampleAdNetworkModified.java:409)
	at newagent.SampleAdNetworkModified.messageReceived(SampleAdNetworkModified.java:310)
	at se.sics.tasim.aw.AgentService.deliverToAgent(AgentService.java:130)
	at tau.tac.adx.agentware.AgentServiceImpl.deliverToAgent(AgentServiceImpl.java:135)
	at tau.tac.adx.agentware.SimClient.run(SimClient.java:437)
	at java.lang.Thread.run(Thread.java:745)
07/12 14:39:04 SEVERE agentware.SimClient|************************************************************
07/12 14:39:04 SEVERE agentware.SimClient|* ALERT: Multiple Connections
07/12 14:39:04 SEVERE agentware.SimClient|* The server connection was closed due to new connection
from agent jack@127.0.0.1.
07/12 14:39:04 SEVERE agentware.SimClient|************************************************************
07/12 14:39:04 SEVERE agentware.ServerConnection|(1) could not read
java.io.EOFException
	at java.io.DataInputStream.readInt(DataInputStream.java:392)
	at tau.tac.adx.agentware.ServerConnection.run(ServerConnection.java:221)
	at java.lang.Thread.run(Thread.java:745)
07/12 14:39:04 SEVERE agentware.SimClient|************************************************************
07/12 14:39:04 SEVERE agentware.SimClient|* Connection Lost
07/12 14:39:04 SEVERE agentware.SimClient|* Lost connection to localhost (will reconnect in 30 seconds)
07/12 14:39:04 SEVERE agentware.SimClient|************************************************************
07/12 14:39:34 INFO agentware.SimClient|next simulation 38 has already started
07/12 14:39:40 SEVERE newagent.SampleAdNetworkModified|Exception thrown while trying to parse message.{0}
java.lang.NullPointerException
	at newagent.HandleCampaignReport.run(HandleCampaignReport.java:32)
	at newagent.SampleAdNetworkModified.handleCampaignReport(SampleAdNetworkModified.java:446)
	at newagent.SampleAdNetworkModified.messageReceived(SampleAdNetworkModified.java:314)
	at se.sics.tasim.aw.AgentService.deliverToAgent(AgentService.java:130)
	at tau.tac.adx.agentware.AgentServiceImpl.deliverToAgent(AgentServiceImpl.java:135)
	at tau.tac.adx.agentware.SimClient.run(SimClient.java:437)
	at java.lang.Thread.run(Thread.java:745)
07/12 14:39:40 SEVERE newagent.SampleAdNetworkModified|Exception thrown while trying to parse message.{0}
java.lang.NullPointerException
	at newagent.HandleAdNetworkDailyNotification.run(HandleAdNetworkDailyNotification.java:30)
	at newagent.SampleAdNetworkModified.handleAdNetworkDailyNotification(SampleAdNetworkModified.java:423)
	at newagent.SampleAdNetworkModified.messageReceived(SampleAdNetworkModified.java:318)
	at se.sics.tasim.aw.AgentService.deliverToAgent(AgentService.java:130)
	at tau.tac.adx.agentware.AgentServiceImpl.deliverToAgent(AgentServiceImpl.java:135)
	at tau.tac.adx.agentware.SimClient.run(SimClient.java:437)
	at java.lang.Thread.run(Thread.java:745)
07/12 14:39:40 SEVERE newagent.SampleAdNetworkModified|Exception thrown while trying to parse message.{0}
java.lang.NullPointerException
	at newagent.PredictImpressionCost.predictOneDayPriceIndex(PredictImpressionCost.java:48)
	at newagent.PredictCampaignCost.predictMultidayPriceIndex(PredictCampaignCost.java:58)
	at newagent.HandleCampaignOpportunityMessage.run(HandleCampaignOpportunityMessage.java:156)
	at newagent.SampleAdNetworkModified.handleICampaignOpportunityMessage(SampleAdNetworkModified.java:409)
	at newagent.SampleAdNetworkModified.messageReceived(SampleAdNetworkModified.java:310)
	at se.sics.tasim.aw.AgentService.deliverToAgent(AgentService.java:130)
	at tau.tac.adx.agentware.AgentServiceImpl.deliverToAgent(AgentServiceImpl.java:135)
	at tau.tac.adx.agentware.SimClient.run(SimClient.java:437)
	at java.lang.Thread.run(Thread.java:745)
07/12 14:39:50 SEVERE newagent.SampleAdNetworkModified|Exception thrown while trying to parse message.{0}
java.lang.NullPointerException
	at newagent.HandleCampaignReport.run(HandleCampaignReport.java:32)
	at newagent.SampleAdNetworkModified.handleCampaignReport(SampleAdNetworkModified.java:446)
	at newagent.SampleAdNetworkModified.messageReceived(SampleAdNetworkModified.java:314)
	at se.sics.tasim.aw.AgentService.deliverToAgent(AgentService.java:130)
	at tau.tac.adx.agentware.AgentServiceImpl.deliverToAgent(AgentServiceImpl.java:135)
	at tau.tac.adx.agentware.SimClient.run(SimClient.java:437)
	at java.lang.Thread.run(Thread.java:745)
07/12 14:39:50 SEVERE newagent.SampleAdNetworkModified|Exception thrown while trying to parse message.{0}
java.lang.NullPointerException
	at newagent.Classifier.<init>(Classifier.java:67)
	at newagent.HandleAdNetworkDailyNotification.run(HandleAdNetworkDailyNotification.java:61)
	at newagent.SampleAdNetworkModified.handleAdNetworkDailyNotification(SampleAdNetworkModified.java:423)
	at newagent.SampleAdNetworkModified.messageReceived(SampleAdNetworkModified.java:318)
	at se.sics.tasim.aw.AgentService.deliverToAgent(AgentService.java:130)
	at tau.tac.adx.agentware.AgentServiceImpl.deliverToAgent(AgentServiceImpl.java:135)
	at tau.tac.adx.agentware.SimClient.run(SimClient.java:437)
	at java.lang.Thread.run(Thread.java:745)
07/12 14:39:50 SEVERE newagent.SampleAdNetworkModified|Exception thrown while trying to parse message.{0}
java.lang.NullPointerException
	at newagent.PredictImpressionCost.predictOneDayPriceIndex(PredictImpressionCost.java:48)
	at newagent.PredictCampaignCost.predictMultidayPriceIndex(PredictCampaignCost.java:58)
	at newagent.HandleCampaignOpportunityMessage.run(HandleCampaignOpportunityMessage.java:156)
	at newagent.SampleAdNetworkModified.handleICampaignOpportunityMessage(SampleAdNetworkModified.java:409)
	at newagent.SampleAdNetworkModified.messageReceived(SampleAdNetworkModified.java:310)
	at se.sics.tasim.aw.AgentService.deliverToAgent(AgentService.java:130)
	at tau.tac.adx.agentware.AgentServiceImpl.deliverToAgent(AgentServiceImpl.java:135)
	at tau.tac.adx.agentware.SimClient.run(SimClient.java:437)
	at java.lang.Thread.run(Thread.java:745)
07/12 14:40:00 SEVERE newagent.SampleAdNetworkModified|Exception thrown while trying to parse message.{0}
java.lang.NullPointerException
	at newagent.HandleCampaignReport.run(HandleCampaignReport.java:32)
	at newagent.SampleAdNetworkModified.handleCampaignReport(SampleAdNetworkModified.java:446)
	at newagent.SampleAdNetworkModified.messageReceived(SampleAdNetworkModified.java:314)
	at se.sics.tasim.aw.AgentService.deliverToAgent(AgentService.java:130)
	at tau.tac.adx.agentware.AgentServiceImpl.deliverToAgent(AgentServiceImpl.java:135)
	at tau.tac.adx.agentware.SimClient.run(SimClient.java:437)
	at java.lang.Thread.run(Thread.java:745)
07/12 14:40:00 SEVERE newagent.SampleAdNetworkModified|Exception thrown while trying to parse message.{0}
java.lang.NullPointerException
	at newagent.Classifier.<init>(Classifier.java:67)
	at newagent.HandleAdNetworkDailyNotification.run(HandleAdNetworkDailyNotification.java:61)
	at newagent.SampleAdNetworkModified.handleAdNetworkDailyNotification(SampleAdNetworkModified.java:423)
	at newagent.SampleAdNetworkModified.messageReceived(SampleAdNetworkModified.java:318)
	at se.sics.tasim.aw.AgentService.deliverToAgent(AgentService.java:130)
	at tau.tac.adx.agentware.AgentServiceImpl.deliverToAgent(AgentServiceImpl.java:135)
	at tau.tac.adx.agentware.SimClient.run(SimClient.java:437)
	at java.lang.Thread.run(Thread.java:745)
07/12 14:40:00 SEVERE newagent.SampleAdNetworkModified|Exception thrown while trying to parse message.{0}
java.lang.NullPointerException
	at newagent.PredictImpressionCost.predictOneDayPriceIndex(PredictImpressionCost.java:48)
	at newagent.PredictCampaignCost.predictMultidayPriceIndex(PredictCampaignCost.java:58)
	at newagent.HandleCampaignOpportunityMessage.run(HandleCampaignOpportunityMessage.java:156)
	at newagent.SampleAdNetworkModified.handleICampaignOpportunityMessage(SampleAdNetworkModified.java:409)
	at newagent.SampleAdNetworkModified.messageReceived(SampleAdNetworkModified.java:310)
	at se.sics.tasim.aw.AgentService.deliverToAgent(AgentService.java:130)
	at tau.tac.adx.agentware.AgentServiceImpl.deliverToAgent(AgentServiceImpl.java:135)
	at tau.tac.adx.agentware.SimClient.run(SimClient.java:437)
	at java.lang.Thread.run(Thread.java:745)
07/12 14:40:04 SEVERE agentware.SimClient|************************************************************
07/12 14:40:04 SEVERE agentware.SimClient|* ALERT: Multiple Connections
07/12 14:40:04 SEVERE agentware.SimClient|* The server connection was closed due to new connection
from agent jack@127.0.0.1.
07/12 14:40:04 SEVERE agentware.SimClient|************************************************************
07/12 14:40:04 SEVERE agentware.ServerConnection|(2) could not read
java.io.EOFException
	at java.io.DataInputStream.readInt(DataInputStream.java:392)
	at tau.tac.adx.agentware.ServerConnection.run(ServerConnection.java:221)
	at java.lang.Thread.run(Thread.java:745)
07/12 14:40:04 SEVERE agentware.SimClient|************************************************************
07/12 14:40:04 SEVERE agentware.SimClient|* Connection Lost
07/12 14:40:04 SEVERE agentware.SimClient|* Lost connection to localhost (will reconnect in 30 seconds)
07/12 14:40:04 SEVERE agentware.SimClient|************************************************************
07/12 14:40:04 INFO agentware.SimClient|next simulation 38 has already started
07/12 14:40:10 SEVERE newagent.SampleAdNetworkModified|Exception thrown while trying to parse message.{0}
java.lang.NullPointerException
	at newagent.HandleAdNetworkDailyNotification.run(HandleAdNetworkDailyNotification.java:30)
	at newagent.SampleAdNetworkModified.handleAdNetworkDailyNotification(SampleAdNetworkModified.java:423)
	at newagent.SampleAdNetworkModified.messageReceived(SampleAdNetworkModified.java:318)
	at se.sics.tasim.aw.AgentService.deliverToAgent(AgentService.java:130)
	at tau.tac.adx.agentware.AgentServiceImpl.deliverToAgent(AgentServiceImpl.java:135)
	at tau.tac.adx.agentware.SimClient.run(SimClient.java:437)
	at java.lang.Thread.run(Thread.java:745)
07/12 14:40:10 SEVERE newagent.SampleAdNetworkModified|Exception thrown while trying to parse message.{0}
java.lang.NullPointerException
	at newagent.PredictImpressionCost.predictOneDayPriceIndex(PredictImpressionCost.java:48)
	at newagent.PredictCampaignCost.predictMultidayPriceIndex(PredictCampaignCost.java:58)
	at newagent.HandleCampaignOpportunityMessage.run(HandleCampaignOpportunityMessage.java:156)
	at newagent.SampleAdNetworkModified.handleICampaignOpportunityMessage(SampleAdNetworkModified.java:409)
	at newagent.SampleAdNetworkModified.messageReceived(SampleAdNetworkModified.java:310)
	at se.sics.tasim.aw.AgentService.deliverToAgent(AgentService.java:130)
	at tau.tac.adx.agentware.AgentServiceImpl.deliverToAgent(AgentServiceImpl.java:135)
	at tau.tac.adx.agentware.SimClient.run(SimClient.java:437)
	at java.lang.Thread.run(Thread.java:745)
07/12 14:40:20 SEVERE newagent.SampleAdNetworkModified|Exception thrown while trying to parse message.{0}
java.lang.NullPointerException
	at newagent.Classifier.<init>(Classifier.java:67)
	at newagent.HandleAdNetworkDailyNotification.run(HandleAdNetworkDailyNotification.java:61)
	at newagent.SampleAdNetworkModified.handleAdNetworkDailyNotification(SampleAdNetworkModified.java:423)
	at newagent.SampleAdNetworkModified.messageReceived(SampleAdNetworkModified.java:318)
	at se.sics.tasim.aw.AgentService.deliverToAgent(AgentService.java:130)
	at tau.tac.adx.agentware.AgentServiceImpl.deliverToAgent(AgentServiceImpl.java:135)
	at tau.tac.adx.agentware.SimClient.run(SimClient.java:437)
	at java.lang.Thread.run(Thread.java:745)
07/12 14:40:20 SEVERE newagent.SampleAdNetworkModified|Exception thrown while trying to parse message.{0}
java.lang.NullPointerException
	at newagent.PredictImpressionCost.predictOneDayPriceIndex(PredictImpressionCost.java:48)
	at newagent.PredictCampaignCost.predictMultidayPriceIndex(PredictCampaignCost.java:58)
	at newagent.HandleCampaignOpportunityMessage.run(HandleCampaignOpportunityMessage.java:156)
	at newagent.SampleAdNetworkModified.handleICampaignOpportunityMessage(SampleAdNetworkModified.java:409)
	at newagent.SampleAdNetworkModified.messageReceived(SampleAdNetworkModified.java:310)
	at se.sics.tasim.aw.AgentService.deliverToAgent(AgentService.java:130)
	at tau.tac.adx.agentware.AgentServiceImpl.deliverToAgent(AgentServiceImpl.java:135)
	at tau.tac.adx.agentware.SimClient.run(SimClient.java:437)
	at java.lang.Thread.run(Thread.java:745)
07/12 14:40:30 SEVERE newagent.SampleAdNetworkModified|Exception thrown while trying to parse message.{0}
java.lang.NullPointerException
	at newagent.Classifier.<init>(Classifier.java:67)
	at newagent.HandleAdNetworkDailyNotification.run(HandleAdNetworkDailyNotification.java:61)
	at newagent.SampleAdNetworkModified.handleAdNetworkDailyNotification(SampleAdNetworkModified.java:423)
	at newagent.SampleAdNetworkModified.messageReceived(SampleAdNetworkModified.java:318)
	at se.sics.tasim.aw.AgentService.deliverToAgent(AgentService.java:130)
	at tau.tac.adx.agentware.AgentServiceImpl.deliverToAgent(AgentServiceImpl.java:135)
	at tau.tac.adx.agentware.SimClient.run(SimClient.java:437)
	at java.lang.Thread.run(Thread.java:745)
07/12 14:40:30 SEVERE newagent.SampleAdNetworkModified|Exception thrown while trying to parse message.{0}
java.lang.NullPointerException
	at newagent.PredictImpressionCost.predictOneDayPriceIndex(PredictImpressionCost.java:48)
	at newagent.PredictCampaignCost.predictMultidayPriceIndex(PredictCampaignCost.java:58)
	at newagent.HandleCampaignOpportunityMessage.run(HandleCampaignOpportunityMessage.java:156)
	at newagent.SampleAdNetworkModified.handleICampaignOpportunityMessage(SampleAdNetworkModified.java:409)
	at newagent.SampleAdNetworkModified.messageReceived(SampleAdNetworkModified.java:310)
	at se.sics.tasim.aw.AgentService.deliverToAgent(AgentService.java:130)
	at tau.tac.adx.agentware.AgentServiceImpl.deliverToAgent(AgentServiceImpl.java:135)
	at tau.tac.adx.agentware.SimClient.run(SimClient.java:437)
	at java.lang.Thread.run(Thread.java:745)
07/12 14:40:34 SEVERE agentware.SimClient|************************************************************
07/12 14:40:34 SEVERE agentware.SimClient|* ALERT: Multiple Connections
07/12 14:40:34 SEVERE agentware.SimClient|* The server connection was closed due to new connection
from agent jack@127.0.0.1.
07/12 14:40:34 SEVERE agentware.SimClient|************************************************************
07/12 14:40:34 SEVERE agentware.ServerConnection|(4) could not read
java.io.EOFException
	at java.io.DataInputStream.readInt(DataInputStream.java:392)
	at tau.tac.adx.agentware.ServerConnection.run(ServerConnection.java:221)
	at java.lang.Thread.run(Thread.java:745)
07/12 14:40:34 SEVERE agentware.SimClient|************************************************************
07/12 14:40:34 SEVERE agentware.SimClient|* Connection Lost
07/12 14:40:34 SEVERE agentware.SimClient|* Lost connection to localhost (will reconnect in 30 seconds)
07/12 14:40:34 SEVERE agentware.SimClient|************************************************************
07/12 14:41:04 INFO agentware.SimClient|next simulation 38 has already started
