08/12 00:18:21 SEVERE newagent.SampleAdNetworkModified|Exception thrown while trying to parse message.{0}
java.lang.NullPointerException
	at newagent.Classifier.<init>(Classifier.java:69)
	at newagent.SampleAdNetworkModified.handleAdNetworkDailyNotification(SampleAdNetworkModified.java:424)
	at newagent.SampleAdNetworkModified.messageReceived(SampleAdNetworkModified.java:318)
	at se.sics.tasim.aw.AgentService.deliverToAgent(AgentService.java:130)
	at tau.tac.adx.agentware.AgentServiceImpl.deliverToAgent(AgentServiceImpl.java:135)
	at tau.tac.adx.agentware.SimClient.run(SimClient.java:437)
	at java.lang.Thread.run(Thread.java:745)
08/12 00:18:31 SEVERE newagent.SampleAdNetworkModified|Exception thrown while trying to parse message.{0}
java.lang.NullPointerException
	at newagent.Classifier.<init>(Classifier.java:69)
	at newagent.SampleAdNetworkModified.handleAdNetworkDailyNotification(SampleAdNetworkModified.java:424)
	at newagent.SampleAdNetworkModified.messageReceived(SampleAdNetworkModified.java:318)
	at se.sics.tasim.aw.AgentService.deliverToAgent(AgentService.java:130)
	at tau.tac.adx.agentware.AgentServiceImpl.deliverToAgent(AgentServiceImpl.java:135)
	at tau.tac.adx.agentware.SimClient.run(SimClient.java:437)
	at java.lang.Thread.run(Thread.java:745)
08/12 00:18:40 SEVERE newagent.SampleAdNetworkModified|Exception thrown while trying to parse message.{0}
java.lang.NullPointerException
	at newagent.Classifier.<init>(Classifier.java:69)
	at newagent.SampleAdNetworkModified.handleAdNetworkDailyNotification(SampleAdNetworkModified.java:424)
	at newagent.SampleAdNetworkModified.messageReceived(SampleAdNetworkModified.java:318)
	at se.sics.tasim.aw.AgentService.deliverToAgent(AgentService.java:130)
	at tau.tac.adx.agentware.AgentServiceImpl.deliverToAgent(AgentServiceImpl.java:135)
	at tau.tac.adx.agentware.SimClient.run(SimClient.java:437)
	at java.lang.Thread.run(Thread.java:745)
08/12 00:18:50 SEVERE newagent.SampleAdNetworkModified|Exception thrown while trying to parse message.{0}
java.lang.NullPointerException
	at newagent.Classifier.<init>(Classifier.java:69)
	at newagent.SampleAdNetworkModified.handleAdNetworkDailyNotification(SampleAdNetworkModified.java:424)
	at newagent.SampleAdNetworkModified.messageReceived(SampleAdNetworkModified.java:318)
	at se.sics.tasim.aw.AgentService.deliverToAgent(AgentService.java:130)
	at tau.tac.adx.agentware.AgentServiceImpl.deliverToAgent(AgentServiceImpl.java:135)
	at tau.tac.adx.agentware.SimClient.run(SimClient.java:437)
	at java.lang.Thread.run(Thread.java:745)
08/12 00:19:00 SEVERE newagent.SampleAdNetworkModified|Exception thrown while trying to parse message.{0}
java.lang.NullPointerException
	at newagent.Classifier.<init>(Classifier.java:69)
	at newagent.SampleAdNetworkModified.handleAdNetworkDailyNotification(SampleAdNetworkModified.java:424)
	at newagent.SampleAdNetworkModified.messageReceived(SampleAdNetworkModified.java:318)
	at se.sics.tasim.aw.AgentService.deliverToAgent(AgentService.java:130)
	at tau.tac.adx.agentware.AgentServiceImpl.deliverToAgent(AgentServiceImpl.java:135)
	at tau.tac.adx.agentware.SimClient.run(SimClient.java:437)
	at java.lang.Thread.run(Thread.java:745)
08/12 00:19:10 SEVERE newagent.SampleAdNetworkModified|Exception thrown while trying to parse message.{0}
java.lang.NullPointerException
	at newagent.Classifier.<init>(Classifier.java:69)
	at newagent.SampleAdNetworkModified.handleAdNetworkDailyNotification(SampleAdNetworkModified.java:424)
	at newagent.SampleAdNetworkModified.messageReceived(SampleAdNetworkModified.java:318)
	at se.sics.tasim.aw.AgentService.deliverToAgent(AgentService.java:130)
	at tau.tac.adx.agentware.AgentServiceImpl.deliverToAgent(AgentServiceImpl.java:135)
	at tau.tac.adx.agentware.SimClient.run(SimClient.java:437)
	at java.lang.Thread.run(Thread.java:745)
08/12 00:19:20 SEVERE newagent.SampleAdNetworkModified|Exception thrown while trying to parse message.{0}
java.lang.NullPointerException
	at newagent.Classifier.<init>(Classifier.java:69)
	at newagent.SampleAdNetworkModified.handleAdNetworkDailyNotification(SampleAdNetworkModified.java:424)
	at newagent.SampleAdNetworkModified.messageReceived(SampleAdNetworkModified.java:318)
	at se.sics.tasim.aw.AgentService.deliverToAgent(AgentService.java:130)
	at tau.tac.adx.agentware.AgentServiceImpl.deliverToAgent(AgentServiceImpl.java:135)
	at tau.tac.adx.agentware.SimClient.run(SimClient.java:437)
	at java.lang.Thread.run(Thread.java:745)
08/12 00:19:30 SEVERE newagent.SampleAdNetworkModified|Exception thrown while trying to parse message.{0}
java.lang.NullPointerException
	at newagent.Classifier.<init>(Classifier.java:69)
	at newagent.SampleAdNetworkModified.handleAdNetworkDailyNotification(SampleAdNetworkModified.java:424)
	at newagent.SampleAdNetworkModified.messageReceived(SampleAdNetworkModified.java:318)
	at se.sics.tasim.aw.AgentService.deliverToAgent(AgentService.java:130)
	at tau.tac.adx.agentware.AgentServiceImpl.deliverToAgent(AgentServiceImpl.java:135)
	at tau.tac.adx.agentware.SimClient.run(SimClient.java:437)
	at java.lang.Thread.run(Thread.java:745)
