08/12 00:07:10 SEVERE newagent.SampleAdNetworkModified|Exception thrown while trying to parse message.{0}
java.lang.NullPointerException
	at newagent.Classifier.<init>(Classifier.java:69)
	at newagent.HandleAdNetworkDailyNotification.run(HandleAdNetworkDailyNotification.java:63)
	at newagent.SampleAdNetworkModified.handleAdNetworkDailyNotification(SampleAdNetworkModified.java:423)
	at newagent.SampleAdNetworkModified.messageReceived(SampleAdNetworkModified.java:318)
	at se.sics.tasim.aw.AgentService.deliverToAgent(AgentService.java:130)
	at tau.tac.adx.agentware.AgentServiceImpl.deliverToAgent(AgentServiceImpl.java:135)
	at tau.tac.adx.agentware.SimClient.run(SimClient.java:437)
	at java.lang.Thread.run(Thread.java:745)
08/12 00:07:20 SEVERE newagent.SampleAdNetworkModified|Exception thrown while trying to parse message.{0}
java.lang.NullPointerException
	at newagent.Classifier.<init>(Classifier.java:69)
	at newagent.HandleAdNetworkDailyNotification.run(HandleAdNetworkDailyNotification.java:63)
	at newagent.SampleAdNetworkModified.handleAdNetworkDailyNotification(SampleAdNetworkModified.java:423)
	at newagent.SampleAdNetworkModified.messageReceived(SampleAdNetworkModified.java:318)
	at se.sics.tasim.aw.AgentService.deliverToAgent(AgentService.java:130)
	at tau.tac.adx.agentware.AgentServiceImpl.deliverToAgent(AgentServiceImpl.java:135)
	at tau.tac.adx.agentware.SimClient.run(SimClient.java:437)
	at java.lang.Thread.run(Thread.java:745)
08/12 00:07:30 SEVERE newagent.SampleAdNetworkModified|Exception thrown while trying to parse message.{0}
java.lang.NullPointerException
	at newagent.Classifier.<init>(Classifier.java:69)
	at newagent.HandleAdNetworkDailyNotification.run(HandleAdNetworkDailyNotification.java:63)
	at newagent.SampleAdNetworkModified.handleAdNetworkDailyNotification(SampleAdNetworkModified.java:423)
	at newagent.SampleAdNetworkModified.messageReceived(SampleAdNetworkModified.java:318)
	at se.sics.tasim.aw.AgentService.deliverToAgent(AgentService.java:130)
	at tau.tac.adx.agentware.AgentServiceImpl.deliverToAgent(AgentServiceImpl.java:135)
	at tau.tac.adx.agentware.SimClient.run(SimClient.java:437)
	at java.lang.Thread.run(Thread.java:745)
08/12 00:07:40 SEVERE newagent.SampleAdNetworkModified|Exception thrown while trying to parse message.{0}
java.lang.NullPointerException
	at newagent.Classifier.<init>(Classifier.java:69)
	at newagent.HandleAdNetworkDailyNotification.run(HandleAdNetworkDailyNotification.java:63)
	at newagent.SampleAdNetworkModified.handleAdNetworkDailyNotification(SampleAdNetworkModified.java:423)
	at newagent.SampleAdNetworkModified.messageReceived(SampleAdNetworkModified.java:318)
	at se.sics.tasim.aw.AgentService.deliverToAgent(AgentService.java:130)
	at tau.tac.adx.agentware.AgentServiceImpl.deliverToAgent(AgentServiceImpl.java:135)
	at tau.tac.adx.agentware.SimClient.run(SimClient.java:437)
	at java.lang.Thread.run(Thread.java:745)
08/12 00:07:50 SEVERE newagent.SampleAdNetworkModified|Exception thrown while trying to parse message.{0}
java.lang.NullPointerException
	at newagent.Classifier.<init>(Classifier.java:69)
	at newagent.HandleAdNetworkDailyNotification.run(HandleAdNetworkDailyNotification.java:63)
	at newagent.SampleAdNetworkModified.handleAdNetworkDailyNotification(SampleAdNetworkModified.java:423)
	at newagent.SampleAdNetworkModified.messageReceived(SampleAdNetworkModified.java:318)
	at se.sics.tasim.aw.AgentService.deliverToAgent(AgentService.java:130)
	at tau.tac.adx.agentware.AgentServiceImpl.deliverToAgent(AgentServiceImpl.java:135)
	at tau.tac.adx.agentware.SimClient.run(SimClient.java:437)
	at java.lang.Thread.run(Thread.java:745)
08/12 00:08:01 SEVERE newagent.SampleAdNetworkModified|Exception thrown while trying to parse message.{0}
java.lang.NullPointerException
	at newagent.Classifier.<init>(Classifier.java:69)
	at newagent.HandleAdNetworkDailyNotification.run(HandleAdNetworkDailyNotification.java:63)
	at newagent.SampleAdNetworkModified.handleAdNetworkDailyNotification(SampleAdNetworkModified.java:423)
	at newagent.SampleAdNetworkModified.messageReceived(SampleAdNetworkModified.java:318)
	at se.sics.tasim.aw.AgentService.deliverToAgent(AgentService.java:130)
	at tau.tac.adx.agentware.AgentServiceImpl.deliverToAgent(AgentServiceImpl.java:135)
	at tau.tac.adx.agentware.SimClient.run(SimClient.java:437)
	at java.lang.Thread.run(Thread.java:745)
08/12 00:08:10 SEVERE newagent.SampleAdNetworkModified|Exception thrown while trying to parse message.{0}
java.lang.NullPointerException
	at newagent.Classifier.<init>(Classifier.java:69)
	at newagent.HandleAdNetworkDailyNotification.run(HandleAdNetworkDailyNotification.java:63)
	at newagent.SampleAdNetworkModified.handleAdNetworkDailyNotification(SampleAdNetworkModified.java:423)
	at newagent.SampleAdNetworkModified.messageReceived(SampleAdNetworkModified.java:318)
	at se.sics.tasim.aw.AgentService.deliverToAgent(AgentService.java:130)
	at tau.tac.adx.agentware.AgentServiceImpl.deliverToAgent(AgentServiceImpl.java:135)
	at tau.tac.adx.agentware.SimClient.run(SimClient.java:437)
	at java.lang.Thread.run(Thread.java:745)
08/12 00:08:20 SEVERE newagent.SampleAdNetworkModified|Exception thrown while trying to parse message.{0}
java.lang.NullPointerException
	at newagent.Classifier.<init>(Classifier.java:69)
	at newagent.HandleAdNetworkDailyNotification.run(HandleAdNetworkDailyNotification.java:63)
	at newagent.SampleAdNetworkModified.handleAdNetworkDailyNotification(SampleAdNetworkModified.java:423)
	at newagent.SampleAdNetworkModified.messageReceived(SampleAdNetworkModified.java:318)
	at se.sics.tasim.aw.AgentService.deliverToAgent(AgentService.java:130)
	at tau.tac.adx.agentware.AgentServiceImpl.deliverToAgent(AgentServiceImpl.java:135)
	at tau.tac.adx.agentware.SimClient.run(SimClient.java:437)
	at java.lang.Thread.run(Thread.java:745)
08/12 00:08:30 SEVERE newagent.SampleAdNetworkModified|Exception thrown while trying to parse message.{0}
java.lang.NullPointerException
	at newagent.Classifier.<init>(Classifier.java:69)
	at newagent.HandleAdNetworkDailyNotification.run(HandleAdNetworkDailyNotification.java:63)
	at newagent.SampleAdNetworkModified.handleAdNetworkDailyNotification(SampleAdNetworkModified.java:423)
	at newagent.SampleAdNetworkModified.messageReceived(SampleAdNetworkModified.java:318)
	at se.sics.tasim.aw.AgentService.deliverToAgent(AgentService.java:130)
	at tau.tac.adx.agentware.AgentServiceImpl.deliverToAgent(AgentServiceImpl.java:135)
	at tau.tac.adx.agentware.SimClient.run(SimClient.java:437)
	at java.lang.Thread.run(Thread.java:745)
08/12 00:08:40 SEVERE newagent.SampleAdNetworkModified|Exception thrown while trying to parse message.{0}
java.lang.NullPointerException
	at newagent.Classifier.<init>(Classifier.java:69)
	at newagent.HandleAdNetworkDailyNotification.run(HandleAdNetworkDailyNotification.java:63)
	at newagent.SampleAdNetworkModified.handleAdNetworkDailyNotification(SampleAdNetworkModified.java:423)
	at newagent.SampleAdNetworkModified.messageReceived(SampleAdNetworkModified.java:318)
	at se.sics.tasim.aw.AgentService.deliverToAgent(AgentService.java:130)
	at tau.tac.adx.agentware.AgentServiceImpl.deliverToAgent(AgentServiceImpl.java:135)
	at tau.tac.adx.agentware.SimClient.run(SimClient.java:437)
	at java.lang.Thread.run(Thread.java:745)
08/12 00:08:50 SEVERE newagent.SampleAdNetworkModified|Exception thrown while trying to parse message.{0}
java.lang.NullPointerException
	at newagent.Classifier.<init>(Classifier.java:69)
	at newagent.HandleAdNetworkDailyNotification.run(HandleAdNetworkDailyNotification.java:63)
	at newagent.SampleAdNetworkModified.handleAdNetworkDailyNotification(SampleAdNetworkModified.java:423)
	at newagent.SampleAdNetworkModified.messageReceived(SampleAdNetworkModified.java:318)
	at se.sics.tasim.aw.AgentService.deliverToAgent(AgentService.java:130)
	at tau.tac.adx.agentware.AgentServiceImpl.deliverToAgent(AgentServiceImpl.java:135)
	at tau.tac.adx.agentware.SimClient.run(SimClient.java:437)
	at java.lang.Thread.run(Thread.java:745)
08/12 00:09:00 SEVERE newagent.SampleAdNetworkModified|Exception thrown while trying to parse message.{0}
java.lang.NullPointerException
	at newagent.Classifier.<init>(Classifier.java:69)
	at newagent.HandleAdNetworkDailyNotification.run(HandleAdNetworkDailyNotification.java:63)
	at newagent.SampleAdNetworkModified.handleAdNetworkDailyNotification(SampleAdNetworkModified.java:423)
	at newagent.SampleAdNetworkModified.messageReceived(SampleAdNetworkModified.java:318)
	at se.sics.tasim.aw.AgentService.deliverToAgent(AgentService.java:130)
	at tau.tac.adx.agentware.AgentServiceImpl.deliverToAgent(AgentServiceImpl.java:135)
	at tau.tac.adx.agentware.SimClient.run(SimClient.java:437)
	at java.lang.Thread.run(Thread.java:745)
08/12 00:09:10 SEVERE newagent.SampleAdNetworkModified|Exception thrown while trying to parse message.{0}
java.lang.NullPointerException
	at newagent.Classifier.<init>(Classifier.java:69)
	at newagent.HandleAdNetworkDailyNotification.run(HandleAdNetworkDailyNotification.java:63)
	at newagent.SampleAdNetworkModified.handleAdNetworkDailyNotification(SampleAdNetworkModified.java:423)
	at newagent.SampleAdNetworkModified.messageReceived(SampleAdNetworkModified.java:318)
	at se.sics.tasim.aw.AgentService.deliverToAgent(AgentService.java:130)
	at tau.tac.adx.agentware.AgentServiceImpl.deliverToAgent(AgentServiceImpl.java:135)
	at tau.tac.adx.agentware.SimClient.run(SimClient.java:437)
	at java.lang.Thread.run(Thread.java:745)
