23/11 17:55:00 SEVERE newagent.SampleAdNetworkModified|Exception thrown while trying to parse message.{0}
java.lang.NullPointerException
	at newagent.HandleAdNetworkDailyNotification.run(HandleAdNetworkDailyNotification.java:29)
	at newagent.SampleAdNetworkModified.handleAdNetworkDailyNotification(SampleAdNetworkModified.java:418)
	at newagent.SampleAdNetworkModified.messageReceived(SampleAdNetworkModified.java:313)
	at se.sics.tasim.aw.AgentService.deliverToAgent(AgentService.java:130)
	at tau.tac.adx.agentware.AgentServiceImpl.deliverToAgent(AgentServiceImpl.java:135)
	at tau.tac.adx.agentware.SimClient.run(SimClient.java:437)
	at java.lang.Thread.run(Unknown Source)
23/11 17:55:00 SEVERE newagent.SampleAdNetworkModified|Exception thrown while trying to parse message.{0}
java.lang.NullPointerException: receiver
	at se.sics.tasim.aw.Message.<init>(Message.java:49)
	at se.sics.tasim.aw.Agent.sendMessage(Agent.java:172)
	at newagent.SampleAdNetworkModified.sendResponse(SampleAdNetworkModified.java:408)
	at newagent.HandleCampaignOpportunityMessage.run(HandleCampaignOpportunityMessage.java:89)
	at newagent.SampleAdNetworkModified.handleICampaignOpportunityMessage(SampleAdNetworkModified.java:404)
	at newagent.SampleAdNetworkModified.messageReceived(SampleAdNetworkModified.java:305)
	at se.sics.tasim.aw.AgentService.deliverToAgent(AgentService.java:130)
	at tau.tac.adx.agentware.AgentServiceImpl.deliverToAgent(AgentServiceImpl.java:135)
	at tau.tac.adx.agentware.SimClient.run(SimClient.java:437)
	at java.lang.Thread.run(Unknown Source)
23/11 17:55:00 SEVERE newagent.SampleAdNetworkModified|Exception thrown while trying to parse message.{0}
java.lang.NullPointerException
	at newagent.SendTheBidsAndAds.Run(SendTheBidsAndAds.java:65)
	at newagent.SampleAdNetworkModified.sendBidAndAds(SampleAdNetworkModified.java:434)
	at newagent.HandleSimulationStatus.run(HandleSimulationStatus.java:116)
	at newagent.SampleAdNetworkModified.handleSimulationStatus(SampleAdNetworkModified.java:427)
	at newagent.SampleAdNetworkModified.messageReceived(SampleAdNetworkModified.java:321)
	at se.sics.tasim.aw.AgentService.deliverToAgent(AgentService.java:130)
	at tau.tac.adx.agentware.AgentServiceImpl.deliverToAgent(AgentServiceImpl.java:135)
	at tau.tac.adx.agentware.SimClient.run(SimClient.java:437)
	at java.lang.Thread.run(Unknown Source)
23/11 17:55:10 SEVERE newagent.SampleAdNetworkModified|Exception thrown while trying to parse message.{0}
java.lang.NullPointerException: receiver
	at se.sics.tasim.aw.Message.<init>(Message.java:49)
	at se.sics.tasim.aw.Agent.sendMessage(Agent.java:172)
	at newagent.SampleAdNetworkModified.sendResponse(SampleAdNetworkModified.java:408)
	at newagent.HandleCampaignOpportunityMessage.run(HandleCampaignOpportunityMessage.java:89)
	at newagent.SampleAdNetworkModified.handleICampaignOpportunityMessage(SampleAdNetworkModified.java:404)
	at newagent.SampleAdNetworkModified.messageReceived(SampleAdNetworkModified.java:305)
	at se.sics.tasim.aw.AgentService.deliverToAgent(AgentService.java:130)
	at tau.tac.adx.agentware.AgentServiceImpl.deliverToAgent(AgentServiceImpl.java:135)
	at tau.tac.adx.agentware.SimClient.run(SimClient.java:437)
	at java.lang.Thread.run(Unknown Source)
23/11 17:55:10 SEVERE newagent.SampleAdNetworkModified|Exception thrown while trying to parse message.{0}
java.lang.NullPointerException
	at newagent.SendTheBidsAndAds.Run(SendTheBidsAndAds.java:65)
	at newagent.SampleAdNetworkModified.sendBidAndAds(SampleAdNetworkModified.java:434)
	at newagent.HandleSimulationStatus.run(HandleSimulationStatus.java:116)
	at newagent.SampleAdNetworkModified.handleSimulationStatus(SampleAdNetworkModified.java:427)
	at newagent.SampleAdNetworkModified.messageReceived(SampleAdNetworkModified.java:321)
	at se.sics.tasim.aw.AgentService.deliverToAgent(AgentService.java:130)
	at tau.tac.adx.agentware.AgentServiceImpl.deliverToAgent(AgentServiceImpl.java:135)
	at tau.tac.adx.agentware.SimClient.run(SimClient.java:437)
	at java.lang.Thread.run(Unknown Source)
23/11 17:55:20 SEVERE newagent.SampleAdNetworkModified|Exception thrown while trying to parse message.{0}
java.lang.NullPointerException: receiver
	at se.sics.tasim.aw.Message.<init>(Message.java:49)
	at se.sics.tasim.aw.Agent.sendMessage(Agent.java:172)
	at newagent.SampleAdNetworkModified.sendResponse(SampleAdNetworkModified.java:408)
	at newagent.HandleCampaignOpportunityMessage.run(HandleCampaignOpportunityMessage.java:89)
	at newagent.SampleAdNetworkModified.handleICampaignOpportunityMessage(SampleAdNetworkModified.java:404)
	at newagent.SampleAdNetworkModified.messageReceived(SampleAdNetworkModified.java:305)
	at se.sics.tasim.aw.AgentService.deliverToAgent(AgentService.java:130)
	at tau.tac.adx.agentware.AgentServiceImpl.deliverToAgent(AgentServiceImpl.java:135)
	at tau.tac.adx.agentware.SimClient.run(SimClient.java:437)
	at java.lang.Thread.run(Unknown Source)
23/11 17:55:20 SEVERE newagent.SampleAdNetworkModified|Exception thrown while trying to parse message.{0}
java.lang.NullPointerException
	at newagent.SendTheBidsAndAds.Run(SendTheBidsAndAds.java:65)
	at newagent.SampleAdNetworkModified.sendBidAndAds(SampleAdNetworkModified.java:434)
	at newagent.HandleSimulationStatus.run(HandleSimulationStatus.java:116)
	at newagent.SampleAdNetworkModified.handleSimulationStatus(SampleAdNetworkModified.java:427)
	at newagent.SampleAdNetworkModified.messageReceived(SampleAdNetworkModified.java:321)
	at se.sics.tasim.aw.AgentService.deliverToAgent(AgentService.java:130)
	at tau.tac.adx.agentware.AgentServiceImpl.deliverToAgent(AgentServiceImpl.java:135)
	at tau.tac.adx.agentware.SimClient.run(SimClient.java:437)
	at java.lang.Thread.run(Unknown Source)
23/11 17:55:30 SEVERE newagent.SampleAdNetworkModified|Exception thrown while trying to parse message.{0}
java.lang.NullPointerException: receiver
	at se.sics.tasim.aw.Message.<init>(Message.java:49)
	at se.sics.tasim.aw.Agent.sendMessage(Agent.java:172)
	at newagent.SampleAdNetworkModified.sendResponse(SampleAdNetworkModified.java:408)
	at newagent.HandleCampaignOpportunityMessage.run(HandleCampaignOpportunityMessage.java:89)
	at newagent.SampleAdNetworkModified.handleICampaignOpportunityMessage(SampleAdNetworkModified.java:404)
	at newagent.SampleAdNetworkModified.messageReceived(SampleAdNetworkModified.java:305)
	at se.sics.tasim.aw.AgentService.deliverToAgent(AgentService.java:130)
	at tau.tac.adx.agentware.AgentServiceImpl.deliverToAgent(AgentServiceImpl.java:135)
	at tau.tac.adx.agentware.SimClient.run(SimClient.java:437)
	at java.lang.Thread.run(Unknown Source)
23/11 17:55:30 SEVERE newagent.SampleAdNetworkModified|Exception thrown while trying to parse message.{0}
java.lang.NullPointerException
	at newagent.SendTheBidsAndAds.Run(SendTheBidsAndAds.java:65)
	at newagent.SampleAdNetworkModified.sendBidAndAds(SampleAdNetworkModified.java:434)
	at newagent.HandleSimulationStatus.run(HandleSimulationStatus.java:116)
	at newagent.SampleAdNetworkModified.handleSimulationStatus(SampleAdNetworkModified.java:427)
	at newagent.SampleAdNetworkModified.messageReceived(SampleAdNetworkModified.java:321)
	at se.sics.tasim.aw.AgentService.deliverToAgent(AgentService.java:130)
	at tau.tac.adx.agentware.AgentServiceImpl.deliverToAgent(AgentServiceImpl.java:135)
	at tau.tac.adx.agentware.SimClient.run(SimClient.java:437)
	at java.lang.Thread.run(Unknown Source)
23/11 17:56:40 SEVERE newagent.SampleAdNetworkModified|Exception thrown while trying to parse message.{0}
java.lang.NullPointerException
	at newagent.HandleAdNetworkDailyNotification.run(HandleAdNetworkDailyNotification.java:29)
	at newagent.SampleAdNetworkModified.handleAdNetworkDailyNotification(SampleAdNetworkModified.java:418)
	at newagent.SampleAdNetworkModified.messageReceived(SampleAdNetworkModified.java:313)
	at se.sics.tasim.aw.AgentService.deliverToAgent(AgentService.java:130)
	at tau.tac.adx.agentware.AgentServiceImpl.deliverToAgent(AgentServiceImpl.java:135)
	at tau.tac.adx.agentware.SimClient.run(SimClient.java:437)
	at java.lang.Thread.run(Unknown Source)
23/11 17:56:40 SEVERE newagent.SampleAdNetworkModified|Exception thrown while trying to parse message.{0}
java.lang.NullPointerException: receiver
	at se.sics.tasim.aw.Message.<init>(Message.java:49)
	at se.sics.tasim.aw.Agent.sendMessage(Agent.java:172)
	at newagent.SampleAdNetworkModified.sendResponse(SampleAdNetworkModified.java:408)
	at newagent.HandleCampaignOpportunityMessage.run(HandleCampaignOpportunityMessage.java:89)
	at newagent.SampleAdNetworkModified.handleICampaignOpportunityMessage(SampleAdNetworkModified.java:404)
	at newagent.SampleAdNetworkModified.messageReceived(SampleAdNetworkModified.java:305)
	at se.sics.tasim.aw.AgentService.deliverToAgent(AgentService.java:130)
	at tau.tac.adx.agentware.AgentServiceImpl.deliverToAgent(AgentServiceImpl.java:135)
	at tau.tac.adx.agentware.SimClient.run(SimClient.java:437)
	at java.lang.Thread.run(Unknown Source)
23/11 17:56:40 SEVERE newagent.SampleAdNetworkModified|Exception thrown while trying to parse message.{0}
java.lang.NullPointerException
	at newagent.SendTheBidsAndAds.Run(SendTheBidsAndAds.java:65)
	at newagent.SampleAdNetworkModified.sendBidAndAds(SampleAdNetworkModified.java:434)
	at newagent.HandleSimulationStatus.run(HandleSimulationStatus.java:116)
	at newagent.SampleAdNetworkModified.handleSimulationStatus(SampleAdNetworkModified.java:427)
	at newagent.SampleAdNetworkModified.messageReceived(SampleAdNetworkModified.java:321)
	at se.sics.tasim.aw.AgentService.deliverToAgent(AgentService.java:130)
	at tau.tac.adx.agentware.AgentServiceImpl.deliverToAgent(AgentServiceImpl.java:135)
	at tau.tac.adx.agentware.SimClient.run(SimClient.java:437)
	at java.lang.Thread.run(Unknown Source)
23/11 17:56:50 SEVERE newagent.SampleAdNetworkModified|Exception thrown while trying to parse message.{0}
java.lang.NullPointerException: receiver
	at se.sics.tasim.aw.Message.<init>(Message.java:49)
	at se.sics.tasim.aw.Agent.sendMessage(Agent.java:172)
	at newagent.SampleAdNetworkModified.sendResponse(SampleAdNetworkModified.java:408)
	at newagent.HandleCampaignOpportunityMessage.run(HandleCampaignOpportunityMessage.java:89)
	at newagent.SampleAdNetworkModified.handleICampaignOpportunityMessage(SampleAdNetworkModified.java:404)
	at newagent.SampleAdNetworkModified.messageReceived(SampleAdNetworkModified.java:305)
	at se.sics.tasim.aw.AgentService.deliverToAgent(AgentService.java:130)
	at tau.tac.adx.agentware.AgentServiceImpl.deliverToAgent(AgentServiceImpl.java:135)
	at tau.tac.adx.agentware.SimClient.run(SimClient.java:437)
	at java.lang.Thread.run(Unknown Source)
23/11 17:56:50 SEVERE newagent.SampleAdNetworkModified|Exception thrown while trying to parse message.{0}
java.lang.NullPointerException
	at newagent.SendTheBidsAndAds.Run(SendTheBidsAndAds.java:65)
	at newagent.SampleAdNetworkModified.sendBidAndAds(SampleAdNetworkModified.java:434)
	at newagent.HandleSimulationStatus.run(HandleSimulationStatus.java:116)
	at newagent.SampleAdNetworkModified.handleSimulationStatus(SampleAdNetworkModified.java:427)
	at newagent.SampleAdNetworkModified.messageReceived(SampleAdNetworkModified.java:321)
	at se.sics.tasim.aw.AgentService.deliverToAgent(AgentService.java:130)
	at tau.tac.adx.agentware.AgentServiceImpl.deliverToAgent(AgentServiceImpl.java:135)
	at tau.tac.adx.agentware.SimClient.run(SimClient.java:437)
	at java.lang.Thread.run(Unknown Source)
23/11 17:57:00 SEVERE newagent.SampleAdNetworkModified|Exception thrown while trying to parse message.{0}
java.lang.NullPointerException: receiver
	at se.sics.tasim.aw.Message.<init>(Message.java:49)
	at se.sics.tasim.aw.Agent.sendMessage(Agent.java:172)
	at newagent.SampleAdNetworkModified.sendResponse(SampleAdNetworkModified.java:408)
	at newagent.HandleCampaignOpportunityMessage.run(HandleCampaignOpportunityMessage.java:89)
	at newagent.SampleAdNetworkModified.handleICampaignOpportunityMessage(SampleAdNetworkModified.java:404)
	at newagent.SampleAdNetworkModified.messageReceived(SampleAdNetworkModified.java:305)
	at se.sics.tasim.aw.AgentService.deliverToAgent(AgentService.java:130)
	at tau.tac.adx.agentware.AgentServiceImpl.deliverToAgent(AgentServiceImpl.java:135)
	at tau.tac.adx.agentware.SimClient.run(SimClient.java:437)
	at java.lang.Thread.run(Unknown Source)
23/11 17:57:00 SEVERE newagent.SampleAdNetworkModified|Exception thrown while trying to parse message.{0}
java.lang.NullPointerException
	at newagent.SendTheBidsAndAds.Run(SendTheBidsAndAds.java:65)
	at newagent.SampleAdNetworkModified.sendBidAndAds(SampleAdNetworkModified.java:434)
	at newagent.HandleSimulationStatus.run(HandleSimulationStatus.java:116)
	at newagent.SampleAdNetworkModified.handleSimulationStatus(SampleAdNetworkModified.java:427)
	at newagent.SampleAdNetworkModified.messageReceived(SampleAdNetworkModified.java:321)
	at se.sics.tasim.aw.AgentService.deliverToAgent(AgentService.java:130)
	at tau.tac.adx.agentware.AgentServiceImpl.deliverToAgent(AgentServiceImpl.java:135)
	at tau.tac.adx.agentware.SimClient.run(SimClient.java:437)
	at java.lang.Thread.run(Unknown Source)
23/11 17:57:10 SEVERE newagent.SampleAdNetworkModified|Exception thrown while trying to parse message.{0}
java.lang.NullPointerException: receiver
	at se.sics.tasim.aw.Message.<init>(Message.java:49)
	at se.sics.tasim.aw.Agent.sendMessage(Agent.java:172)
	at newagent.SampleAdNetworkModified.sendResponse(SampleAdNetworkModified.java:408)
	at newagent.HandleCampaignOpportunityMessage.run(HandleCampaignOpportunityMessage.java:89)
	at newagent.SampleAdNetworkModified.handleICampaignOpportunityMessage(SampleAdNetworkModified.java:404)
	at newagent.SampleAdNetworkModified.messageReceived(SampleAdNetworkModified.java:305)
	at se.sics.tasim.aw.AgentService.deliverToAgent(AgentService.java:130)
	at tau.tac.adx.agentware.AgentServiceImpl.deliverToAgent(AgentServiceImpl.java:135)
	at tau.tac.adx.agentware.SimClient.run(SimClient.java:437)
	at java.lang.Thread.run(Unknown Source)
23/11 17:57:10 SEVERE newagent.SampleAdNetworkModified|Exception thrown while trying to parse message.{0}
java.lang.NullPointerException
	at newagent.SendTheBidsAndAds.Run(SendTheBidsAndAds.java:65)
	at newagent.SampleAdNetworkModified.sendBidAndAds(SampleAdNetworkModified.java:434)
	at newagent.HandleSimulationStatus.run(HandleSimulationStatus.java:116)
	at newagent.SampleAdNetworkModified.handleSimulationStatus(SampleAdNetworkModified.java:427)
	at newagent.SampleAdNetworkModified.messageReceived(SampleAdNetworkModified.java:321)
	at se.sics.tasim.aw.AgentService.deliverToAgent(AgentService.java:130)
	at tau.tac.adx.agentware.AgentServiceImpl.deliverToAgent(AgentServiceImpl.java:135)
	at tau.tac.adx.agentware.SimClient.run(SimClient.java:437)
	at java.lang.Thread.run(Unknown Source)
23/11 17:57:20 SEVERE newagent.SampleAdNetworkModified|Exception thrown while trying to parse message.{0}
java.lang.NullPointerException: receiver
	at se.sics.tasim.aw.Message.<init>(Message.java:49)
	at se.sics.tasim.aw.Agent.sendMessage(Agent.java:172)
	at newagent.SampleAdNetworkModified.sendResponse(SampleAdNetworkModified.java:408)
	at newagent.HandleCampaignOpportunityMessage.run(HandleCampaignOpportunityMessage.java:89)
	at newagent.SampleAdNetworkModified.handleICampaignOpportunityMessage(SampleAdNetworkModified.java:404)
	at newagent.SampleAdNetworkModified.messageReceived(SampleAdNetworkModified.java:305)
	at se.sics.tasim.aw.AgentService.deliverToAgent(AgentService.java:130)
	at tau.tac.adx.agentware.AgentServiceImpl.deliverToAgent(AgentServiceImpl.java:135)
	at tau.tac.adx.agentware.SimClient.run(SimClient.java:437)
	at java.lang.Thread.run(Unknown Source)
23/11 17:57:20 SEVERE newagent.SampleAdNetworkModified|Exception thrown while trying to parse message.{0}
java.lang.NullPointerException
	at newagent.SendTheBidsAndAds.Run(SendTheBidsAndAds.java:65)
	at newagent.SampleAdNetworkModified.sendBidAndAds(SampleAdNetworkModified.java:434)
	at newagent.HandleSimulationStatus.run(HandleSimulationStatus.java:116)
	at newagent.SampleAdNetworkModified.handleSimulationStatus(SampleAdNetworkModified.java:427)
	at newagent.SampleAdNetworkModified.messageReceived(SampleAdNetworkModified.java:321)
	at se.sics.tasim.aw.AgentService.deliverToAgent(AgentService.java:130)
	at tau.tac.adx.agentware.AgentServiceImpl.deliverToAgent(AgentServiceImpl.java:135)
	at tau.tac.adx.agentware.SimClient.run(SimClient.java:437)
	at java.lang.Thread.run(Unknown Source)
23/11 17:57:30 SEVERE newagent.SampleAdNetworkModified|Exception thrown while trying to parse message.{0}
java.lang.NullPointerException: receiver
	at se.sics.tasim.aw.Message.<init>(Message.java:49)
	at se.sics.tasim.aw.Agent.sendMessage(Agent.java:172)
	at newagent.SampleAdNetworkModified.sendResponse(SampleAdNetworkModified.java:408)
	at newagent.HandleCampaignOpportunityMessage.run(HandleCampaignOpportunityMessage.java:89)
	at newagent.SampleAdNetworkModified.handleICampaignOpportunityMessage(SampleAdNetworkModified.java:404)
	at newagent.SampleAdNetworkModified.messageReceived(SampleAdNetworkModified.java:305)
	at se.sics.tasim.aw.AgentService.deliverToAgent(AgentService.java:130)
	at tau.tac.adx.agentware.AgentServiceImpl.deliverToAgent(AgentServiceImpl.java:135)
	at tau.tac.adx.agentware.SimClient.run(SimClient.java:437)
	at java.lang.Thread.run(Unknown Source)
23/11 17:57:30 SEVERE newagent.SampleAdNetworkModified|Exception thrown while trying to parse message.{0}
java.lang.NullPointerException
	at newagent.SendTheBidsAndAds.Run(SendTheBidsAndAds.java:65)
	at newagent.SampleAdNetworkModified.sendBidAndAds(SampleAdNetworkModified.java:434)
	at newagent.HandleSimulationStatus.run(HandleSimulationStatus.java:116)
	at newagent.SampleAdNetworkModified.handleSimulationStatus(SampleAdNetworkModified.java:427)
	at newagent.SampleAdNetworkModified.messageReceived(SampleAdNetworkModified.java:321)
	at se.sics.tasim.aw.AgentService.deliverToAgent(AgentService.java:130)
	at tau.tac.adx.agentware.AgentServiceImpl.deliverToAgent(AgentServiceImpl.java:135)
	at tau.tac.adx.agentware.SimClient.run(SimClient.java:437)
	at java.lang.Thread.run(Unknown Source)
23/11 17:57:40 SEVERE newagent.SampleAdNetworkModified|Exception thrown while trying to parse message.{0}
java.lang.NullPointerException: receiver
	at se.sics.tasim.aw.Message.<init>(Message.java:49)
	at se.sics.tasim.aw.Agent.sendMessage(Agent.java:172)
	at newagent.SampleAdNetworkModified.sendResponse(SampleAdNetworkModified.java:408)
	at newagent.HandleCampaignOpportunityMessage.run(HandleCampaignOpportunityMessage.java:89)
	at newagent.SampleAdNetworkModified.handleICampaignOpportunityMessage(SampleAdNetworkModified.java:404)
	at newagent.SampleAdNetworkModified.messageReceived(SampleAdNetworkModified.java:305)
	at se.sics.tasim.aw.AgentService.deliverToAgent(AgentService.java:130)
	at tau.tac.adx.agentware.AgentServiceImpl.deliverToAgent(AgentServiceImpl.java:135)
	at tau.tac.adx.agentware.SimClient.run(SimClient.java:437)
	at java.lang.Thread.run(Unknown Source)
23/11 17:57:40 SEVERE newagent.SampleAdNetworkModified|Exception thrown while trying to parse message.{0}
java.lang.NullPointerException
	at newagent.SendTheBidsAndAds.Run(SendTheBidsAndAds.java:65)
	at newagent.SampleAdNetworkModified.sendBidAndAds(SampleAdNetworkModified.java:434)
	at newagent.HandleSimulationStatus.run(HandleSimulationStatus.java:116)
	at newagent.SampleAdNetworkModified.handleSimulationStatus(SampleAdNetworkModified.java:427)
	at newagent.SampleAdNetworkModified.messageReceived(SampleAdNetworkModified.java:321)
	at se.sics.tasim.aw.AgentService.deliverToAgent(AgentService.java:130)
	at tau.tac.adx.agentware.AgentServiceImpl.deliverToAgent(AgentServiceImpl.java:135)
	at tau.tac.adx.agentware.SimClient.run(SimClient.java:437)
	at java.lang.Thread.run(Unknown Source)
