23/11 17:44:00 SEVERE agentware.AgentServiceImpl|agent could not handle message Message[coordinator,adv1,tau.tac.adx.report.demand.CampaignOpportunityMessage[2009939247,5206,2,11,[MALE, OLD],2.4415566006703324,1.7827869939362402,0,[]]]
java.util.ConcurrentModificationException
	at java.util.LinkedList$ListItr.checkForComodification(Unknown Source)
	at java.util.LinkedList$ListItr.next(Unknown Source)
	at newagent.UserPopulationProbabilities.getProbability(UserPopulationProbabilities.java:80)
	at newagent.HandleCampaignOpportunityMessage.run(HandleCampaignOpportunityMessage.java:82)
	at newagent.SampleAdNetworkModified.handleICampaignOpportunityMessage(SampleAdNetworkModified.java:404)
	at newagent.SampleAdNetworkModified.messageReceived(SampleAdNetworkModified.java:305)
	at se.sics.tasim.aw.AgentService.deliverToAgent(AgentService.java:130)
	at tau.tac.adx.agentware.AgentServiceImpl.deliverToAgent(AgentServiceImpl.java:135)
	at tau.tac.adx.agentware.SimClient.run(SimClient.java:437)
	at java.lang.Thread.run(Unknown Source)
23/11 17:44:11 SEVERE agentware.AgentServiceImpl|agent could not handle message Message[coordinator,adv1,tau.tac.adx.report.demand.CampaignOpportunityMessage[5942798,3232,3,7,[MALE, OLD, HIGH_INCOME],2.6564399730620063,2.2581301740912205,1,[]]]
java.util.ConcurrentModificationException
	at java.util.LinkedList$ListItr.checkForComodification(Unknown Source)
	at java.util.LinkedList$ListItr.next(Unknown Source)
	at newagent.UserPopulationProbabilities.getProbability(UserPopulationProbabilities.java:80)
	at newagent.HandleCampaignOpportunityMessage.run(HandleCampaignOpportunityMessage.java:82)
	at newagent.SampleAdNetworkModified.handleICampaignOpportunityMessage(SampleAdNetworkModified.java:404)
	at newagent.SampleAdNetworkModified.messageReceived(SampleAdNetworkModified.java:305)
	at se.sics.tasim.aw.AgentService.deliverToAgent(AgentService.java:130)
	at tau.tac.adx.agentware.AgentServiceImpl.deliverToAgent(AgentServiceImpl.java:135)
	at tau.tac.adx.agentware.SimClient.run(SimClient.java:437)
	at java.lang.Thread.run(Unknown Source)
23/11 17:44:20 SEVERE agentware.AgentServiceImpl|agent could not handle message Message[coordinator,adv1,tau.tac.adx.report.demand.CampaignOpportunityMessage[459198379,24780,4,13,[MALE],2.3989448658096535,2.4731159244205037,2,[]]]
java.util.ConcurrentModificationException
	at java.util.LinkedList$ListItr.checkForComodification(Unknown Source)
	at java.util.LinkedList$ListItr.next(Unknown Source)
	at newagent.UserPopulationProbabilities.getProbability(UserPopulationProbabilities.java:80)
	at newagent.HandleCampaignOpportunityMessage.run(HandleCampaignOpportunityMessage.java:82)
	at newagent.SampleAdNetworkModified.handleICampaignOpportunityMessage(SampleAdNetworkModified.java:404)
	at newagent.SampleAdNetworkModified.messageReceived(SampleAdNetworkModified.java:305)
	at se.sics.tasim.aw.AgentService.deliverToAgent(AgentService.java:130)
	at tau.tac.adx.agentware.AgentServiceImpl.deliverToAgent(AgentServiceImpl.java:135)
	at tau.tac.adx.agentware.SimClient.run(SimClient.java:437)
	at java.lang.Thread.run(Unknown Source)
23/11 17:44:30 SEVERE agentware.AgentServiceImpl|agent could not handle message Message[coordinator,adv1,tau.tac.adx.report.demand.CampaignOpportunityMessage[1016670005,3672,5,14,[LOW_INCOME, YOUNG, MALE],2.0011297237165717,2.2099516496940455,3,[]]]
java.util.ConcurrentModificationException
	at java.util.LinkedList$ListItr.checkForComodification(Unknown Source)
	at java.util.LinkedList$ListItr.next(Unknown Source)
	at newagent.UserPopulationProbabilities.getProbability(UserPopulationProbabilities.java:87)
	at newagent.HandleCampaignOpportunityMessage.run(HandleCampaignOpportunityMessage.java:82)
	at newagent.SampleAdNetworkModified.handleICampaignOpportunityMessage(SampleAdNetworkModified.java:404)
	at newagent.SampleAdNetworkModified.messageReceived(SampleAdNetworkModified.java:305)
	at se.sics.tasim.aw.AgentService.deliverToAgent(AgentService.java:130)
	at tau.tac.adx.agentware.AgentServiceImpl.deliverToAgent(AgentServiceImpl.java:135)
	at tau.tac.adx.agentware.SimClient.run(SimClient.java:437)
	at java.lang.Thread.run(Unknown Source)
23/11 17:44:40 SEVERE agentware.AgentServiceImpl|agent could not handle message Message[coordinator,adv1,tau.tac.adx.report.demand.CampaignOpportunityMessage[430486629,2692,6,8,[LOW_INCOME, MALE, OLD],2.4909827011844845,1.6495566051709845,4,[]]]
java.util.ConcurrentModificationException
	at java.util.LinkedList$ListItr.checkForComodification(Unknown Source)
	at java.util.LinkedList$ListItr.next(Unknown Source)
	at newagent.UserPopulationProbabilities.getProbability(UserPopulationProbabilities.java:87)
	at newagent.HandleCampaignOpportunityMessage.run(HandleCampaignOpportunityMessage.java:82)
	at newagent.SampleAdNetworkModified.handleICampaignOpportunityMessage(SampleAdNetworkModified.java:404)
	at newagent.SampleAdNetworkModified.messageReceived(SampleAdNetworkModified.java:305)
	at se.sics.tasim.aw.AgentService.deliverToAgent(AgentService.java:130)
	at tau.tac.adx.agentware.AgentServiceImpl.deliverToAgent(AgentServiceImpl.java:135)
	at tau.tac.adx.agentware.SimClient.run(SimClient.java:437)
	at java.lang.Thread.run(Unknown Source)
23/11 17:44:50 SEVERE agentware.AgentServiceImpl|agent could not handle message Message[coordinator,adv1,tau.tac.adx.report.demand.CampaignOpportunityMessage[791983551,610,7,9,[FEMALE, OLD, HIGH_INCOME],2.956047918624474,2.3264503287369145,5,[]]]
java.util.ConcurrentModificationException
	at java.util.LinkedList$ListItr.checkForComodification(Unknown Source)
	at java.util.LinkedList$ListItr.next(Unknown Source)
	at newagent.UserPopulationProbabilities.getProbability(UserPopulationProbabilities.java:72)
	at newagent.HandleCampaignOpportunityMessage.run(HandleCampaignOpportunityMessage.java:82)
	at newagent.SampleAdNetworkModified.handleICampaignOpportunityMessage(SampleAdNetworkModified.java:404)
	at newagent.SampleAdNetworkModified.messageReceived(SampleAdNetworkModified.java:305)
	at se.sics.tasim.aw.AgentService.deliverToAgent(AgentService.java:130)
	at tau.tac.adx.agentware.AgentServiceImpl.deliverToAgent(AgentServiceImpl.java:135)
	at tau.tac.adx.agentware.SimClient.run(SimClient.java:437)
	at java.lang.Thread.run(Unknown Source)
23/11 17:45:00 SEVERE agentware.AgentServiceImpl|agent could not handle message Message[coordinator,adv1,tau.tac.adx.report.demand.CampaignOpportunityMessage[1163675663,2068,8,12,[YOUNG, MALE, HIGH_INCOME],2.8405615867718033,1.8851712885424015,6,[]]]
java.util.ConcurrentModificationException
	at java.util.LinkedList$ListItr.checkForComodification(Unknown Source)
	at java.util.LinkedList$ListItr.next(Unknown Source)
	at newagent.UserPopulationProbabilities.getProbability(UserPopulationProbabilities.java:101)
	at newagent.HandleCampaignOpportunityMessage.run(HandleCampaignOpportunityMessage.java:82)
	at newagent.SampleAdNetworkModified.handleICampaignOpportunityMessage(SampleAdNetworkModified.java:404)
	at newagent.SampleAdNetworkModified.messageReceived(SampleAdNetworkModified.java:305)
	at se.sics.tasim.aw.AgentService.deliverToAgent(AgentService.java:130)
	at tau.tac.adx.agentware.AgentServiceImpl.deliverToAgent(AgentServiceImpl.java:135)
	at tau.tac.adx.agentware.SimClient.run(SimClient.java:437)
	at java.lang.Thread.run(Unknown Source)
