23/11 17:25:00 SEVERE newagent.SampleAdNetworkModified|Exception thrown while trying to parse message.{0}
java.lang.NullPointerException
	at newagent.HandleAdNetworkDailyNotification.run(HandleAdNetworkDailyNotification.java:29)
	at newagent.SampleAdNetworkModified.handleAdNetworkDailyNotification(SampleAdNetworkModified.java:418)
	at newagent.SampleAdNetworkModified.messageReceived(SampleAdNetworkModified.java:313)
	at se.sics.tasim.aw.AgentService.deliverToAgent(AgentService.java:130)
	at tau.tac.adx.agentware.AgentServiceImpl.deliverToAgent(AgentServiceImpl.java:135)
	at tau.tac.adx.agentware.SimClient.run(SimClient.java:437)
	at java.lang.Thread.run(Unknown Source)
23/11 17:25:00 SEVERE newagent.SampleAdNetworkModified|Exception thrown while trying to parse message.{0}
java.lang.NullPointerException: receiver
	at se.sics.tasim.aw.Message.<init>(Message.java:49)
	at se.sics.tasim.aw.Agent.sendMessage(Agent.java:172)
	at newagent.SampleAdNetworkModified.sendResponse(SampleAdNetworkModified.java:408)
	at newagent.HandleCampaignOpportunityMessage.run(HandleCampaignOpportunityMessage.java:87)
	at newagent.SampleAdNetworkModified.handleICampaignOpportunityMessage(SampleAdNetworkModified.java:404)
	at newagent.SampleAdNetworkModified.messageReceived(SampleAdNetworkModified.java:305)
	at se.sics.tasim.aw.AgentService.deliverToAgent(AgentService.java:130)
	at tau.tac.adx.agentware.AgentServiceImpl.deliverToAgent(AgentServiceImpl.java:135)
	at tau.tac.adx.agentware.SimClient.run(SimClient.java:437)
	at java.lang.Thread.run(Unknown Source)
23/11 17:25:00 SEVERE newagent.SampleAdNetworkModified|Exception thrown while trying to parse message.{0}
java.lang.NullPointerException
	at newagent.SendTheBidsAndAds.Run(SendTheBidsAndAds.java:65)
	at newagent.SampleAdNetworkModified.sendBidAndAds(SampleAdNetworkModified.java:434)
	at newagent.HandleSimulationStatus.run(HandleSimulationStatus.java:116)
	at newagent.SampleAdNetworkModified.handleSimulationStatus(SampleAdNetworkModified.java:427)
	at newagent.SampleAdNetworkModified.messageReceived(SampleAdNetworkModified.java:321)
	at se.sics.tasim.aw.AgentService.deliverToAgent(AgentService.java:130)
	at tau.tac.adx.agentware.AgentServiceImpl.deliverToAgent(AgentServiceImpl.java:135)
	at tau.tac.adx.agentware.SimClient.run(SimClient.java:437)
	at java.lang.Thread.run(Unknown Source)
23/11 17:25:10 SEVERE newagent.SampleAdNetworkModified|Exception thrown while trying to parse message.{0}
java.lang.NullPointerException: receiver
	at se.sics.tasim.aw.Message.<init>(Message.java:49)
	at se.sics.tasim.aw.Agent.sendMessage(Agent.java:172)
	at newagent.SampleAdNetworkModified.sendResponse(SampleAdNetworkModified.java:408)
	at newagent.HandleCampaignOpportunityMessage.run(HandleCampaignOpportunityMessage.java:87)
	at newagent.SampleAdNetworkModified.handleICampaignOpportunityMessage(SampleAdNetworkModified.java:404)
	at newagent.SampleAdNetworkModified.messageReceived(SampleAdNetworkModified.java:305)
	at se.sics.tasim.aw.AgentService.deliverToAgent(AgentService.java:130)
	at tau.tac.adx.agentware.AgentServiceImpl.deliverToAgent(AgentServiceImpl.java:135)
	at tau.tac.adx.agentware.SimClient.run(SimClient.java:437)
	at java.lang.Thread.run(Unknown Source)
23/11 17:25:10 SEVERE newagent.SampleAdNetworkModified|Exception thrown while trying to parse message.{0}
java.lang.NullPointerException
	at newagent.SendTheBidsAndAds.Run(SendTheBidsAndAds.java:65)
	at newagent.SampleAdNetworkModified.sendBidAndAds(SampleAdNetworkModified.java:434)
	at newagent.HandleSimulationStatus.run(HandleSimulationStatus.java:116)
	at newagent.SampleAdNetworkModified.handleSimulationStatus(SampleAdNetworkModified.java:427)
	at newagent.SampleAdNetworkModified.messageReceived(SampleAdNetworkModified.java:321)
	at se.sics.tasim.aw.AgentService.deliverToAgent(AgentService.java:130)
	at tau.tac.adx.agentware.AgentServiceImpl.deliverToAgent(AgentServiceImpl.java:135)
	at tau.tac.adx.agentware.SimClient.run(SimClient.java:437)
	at java.lang.Thread.run(Unknown Source)
23/11 17:25:20 SEVERE newagent.SampleAdNetworkModified|Exception thrown while trying to parse message.{0}
java.lang.NullPointerException: receiver
	at se.sics.tasim.aw.Message.<init>(Message.java:49)
	at se.sics.tasim.aw.Agent.sendMessage(Agent.java:172)
	at newagent.SampleAdNetworkModified.sendResponse(SampleAdNetworkModified.java:408)
	at newagent.HandleCampaignOpportunityMessage.run(HandleCampaignOpportunityMessage.java:87)
	at newagent.SampleAdNetworkModified.handleICampaignOpportunityMessage(SampleAdNetworkModified.java:404)
	at newagent.SampleAdNetworkModified.messageReceived(SampleAdNetworkModified.java:305)
	at se.sics.tasim.aw.AgentService.deliverToAgent(AgentService.java:130)
	at tau.tac.adx.agentware.AgentServiceImpl.deliverToAgent(AgentServiceImpl.java:135)
	at tau.tac.adx.agentware.SimClient.run(SimClient.java:437)
	at java.lang.Thread.run(Unknown Source)
23/11 17:25:20 SEVERE newagent.SampleAdNetworkModified|Exception thrown while trying to parse message.{0}
java.lang.NullPointerException
	at newagent.SendTheBidsAndAds.Run(SendTheBidsAndAds.java:65)
	at newagent.SampleAdNetworkModified.sendBidAndAds(SampleAdNetworkModified.java:434)
	at newagent.HandleSimulationStatus.run(HandleSimulationStatus.java:116)
	at newagent.SampleAdNetworkModified.handleSimulationStatus(SampleAdNetworkModified.java:427)
	at newagent.SampleAdNetworkModified.messageReceived(SampleAdNetworkModified.java:321)
	at se.sics.tasim.aw.AgentService.deliverToAgent(AgentService.java:130)
	at tau.tac.adx.agentware.AgentServiceImpl.deliverToAgent(AgentServiceImpl.java:135)
	at tau.tac.adx.agentware.SimClient.run(SimClient.java:437)
	at java.lang.Thread.run(Unknown Source)
23/11 17:25:30 SEVERE newagent.SampleAdNetworkModified|Exception thrown while trying to parse message.{0}
java.lang.NullPointerException: receiver
	at se.sics.tasim.aw.Message.<init>(Message.java:49)
	at se.sics.tasim.aw.Agent.sendMessage(Agent.java:172)
	at newagent.SampleAdNetworkModified.sendResponse(SampleAdNetworkModified.java:408)
	at newagent.HandleCampaignOpportunityMessage.run(HandleCampaignOpportunityMessage.java:87)
	at newagent.SampleAdNetworkModified.handleICampaignOpportunityMessage(SampleAdNetworkModified.java:404)
	at newagent.SampleAdNetworkModified.messageReceived(SampleAdNetworkModified.java:305)
	at se.sics.tasim.aw.AgentService.deliverToAgent(AgentService.java:130)
	at tau.tac.adx.agentware.AgentServiceImpl.deliverToAgent(AgentServiceImpl.java:135)
	at tau.tac.adx.agentware.SimClient.run(SimClient.java:437)
	at java.lang.Thread.run(Unknown Source)
23/11 17:25:30 SEVERE newagent.SampleAdNetworkModified|Exception thrown while trying to parse message.{0}
java.lang.NullPointerException
	at newagent.SendTheBidsAndAds.Run(SendTheBidsAndAds.java:65)
	at newagent.SampleAdNetworkModified.sendBidAndAds(SampleAdNetworkModified.java:434)
	at newagent.HandleSimulationStatus.run(HandleSimulationStatus.java:116)
	at newagent.SampleAdNetworkModified.handleSimulationStatus(SampleAdNetworkModified.java:427)
	at newagent.SampleAdNetworkModified.messageReceived(SampleAdNetworkModified.java:321)
	at se.sics.tasim.aw.AgentService.deliverToAgent(AgentService.java:130)
	at tau.tac.adx.agentware.AgentServiceImpl.deliverToAgent(AgentServiceImpl.java:135)
	at tau.tac.adx.agentware.SimClient.run(SimClient.java:437)
	at java.lang.Thread.run(Unknown Source)
23/11 17:25:40 SEVERE newagent.SampleAdNetworkModified|Exception thrown while trying to parse message.{0}
java.lang.NullPointerException: receiver
	at se.sics.tasim.aw.Message.<init>(Message.java:49)
	at se.sics.tasim.aw.Agent.sendMessage(Agent.java:172)
	at newagent.SampleAdNetworkModified.sendResponse(SampleAdNetworkModified.java:408)
	at newagent.HandleCampaignOpportunityMessage.run(HandleCampaignOpportunityMessage.java:87)
	at newagent.SampleAdNetworkModified.handleICampaignOpportunityMessage(SampleAdNetworkModified.java:404)
	at newagent.SampleAdNetworkModified.messageReceived(SampleAdNetworkModified.java:305)
	at se.sics.tasim.aw.AgentService.deliverToAgent(AgentService.java:130)
	at tau.tac.adx.agentware.AgentServiceImpl.deliverToAgent(AgentServiceImpl.java:135)
	at tau.tac.adx.agentware.SimClient.run(SimClient.java:437)
	at java.lang.Thread.run(Unknown Source)
23/11 17:25:40 SEVERE newagent.SampleAdNetworkModified|Exception thrown while trying to parse message.{0}
java.lang.NullPointerException
	at newagent.SendTheBidsAndAds.Run(SendTheBidsAndAds.java:65)
	at newagent.SampleAdNetworkModified.sendBidAndAds(SampleAdNetworkModified.java:434)
	at newagent.HandleSimulationStatus.run(HandleSimulationStatus.java:116)
	at newagent.SampleAdNetworkModified.handleSimulationStatus(SampleAdNetworkModified.java:427)
	at newagent.SampleAdNetworkModified.messageReceived(SampleAdNetworkModified.java:321)
	at se.sics.tasim.aw.AgentService.deliverToAgent(AgentService.java:130)
	at tau.tac.adx.agentware.AgentServiceImpl.deliverToAgent(AgentServiceImpl.java:135)
	at tau.tac.adx.agentware.SimClient.run(SimClient.java:437)
	at java.lang.Thread.run(Unknown Source)
23/11 17:25:50 SEVERE newagent.SampleAdNetworkModified|Exception thrown while trying to parse message.{0}
java.lang.NullPointerException: receiver
	at se.sics.tasim.aw.Message.<init>(Message.java:49)
	at se.sics.tasim.aw.Agent.sendMessage(Agent.java:172)
	at newagent.SampleAdNetworkModified.sendResponse(SampleAdNetworkModified.java:408)
	at newagent.HandleCampaignOpportunityMessage.run(HandleCampaignOpportunityMessage.java:87)
	at newagent.SampleAdNetworkModified.handleICampaignOpportunityMessage(SampleAdNetworkModified.java:404)
	at newagent.SampleAdNetworkModified.messageReceived(SampleAdNetworkModified.java:305)
	at se.sics.tasim.aw.AgentService.deliverToAgent(AgentService.java:130)
	at tau.tac.adx.agentware.AgentServiceImpl.deliverToAgent(AgentServiceImpl.java:135)
	at tau.tac.adx.agentware.SimClient.run(SimClient.java:437)
	at java.lang.Thread.run(Unknown Source)
23/11 17:25:50 SEVERE newagent.SampleAdNetworkModified|Exception thrown while trying to parse message.{0}
java.lang.NullPointerException
	at newagent.SendTheBidsAndAds.Run(SendTheBidsAndAds.java:65)
	at newagent.SampleAdNetworkModified.sendBidAndAds(SampleAdNetworkModified.java:434)
	at newagent.HandleSimulationStatus.run(HandleSimulationStatus.java:116)
	at newagent.SampleAdNetworkModified.handleSimulationStatus(SampleAdNetworkModified.java:427)
	at newagent.SampleAdNetworkModified.messageReceived(SampleAdNetworkModified.java:321)
	at se.sics.tasim.aw.AgentService.deliverToAgent(AgentService.java:130)
	at tau.tac.adx.agentware.AgentServiceImpl.deliverToAgent(AgentServiceImpl.java:135)
	at tau.tac.adx.agentware.SimClient.run(SimClient.java:437)
	at java.lang.Thread.run(Unknown Source)
23/11 17:26:00 SEVERE newagent.SampleAdNetworkModified|Exception thrown while trying to parse message.{0}
java.lang.NullPointerException: receiver
	at se.sics.tasim.aw.Message.<init>(Message.java:49)
	at se.sics.tasim.aw.Agent.sendMessage(Agent.java:172)
	at newagent.SampleAdNetworkModified.sendResponse(SampleAdNetworkModified.java:408)
	at newagent.HandleCampaignOpportunityMessage.run(HandleCampaignOpportunityMessage.java:87)
	at newagent.SampleAdNetworkModified.handleICampaignOpportunityMessage(SampleAdNetworkModified.java:404)
	at newagent.SampleAdNetworkModified.messageReceived(SampleAdNetworkModified.java:305)
	at se.sics.tasim.aw.AgentService.deliverToAgent(AgentService.java:130)
	at tau.tac.adx.agentware.AgentServiceImpl.deliverToAgent(AgentServiceImpl.java:135)
	at tau.tac.adx.agentware.SimClient.run(SimClient.java:437)
	at java.lang.Thread.run(Unknown Source)
23/11 17:26:00 SEVERE newagent.SampleAdNetworkModified|Exception thrown while trying to parse message.{0}
java.lang.NullPointerException
	at newagent.SendTheBidsAndAds.Run(SendTheBidsAndAds.java:65)
	at newagent.SampleAdNetworkModified.sendBidAndAds(SampleAdNetworkModified.java:434)
	at newagent.HandleSimulationStatus.run(HandleSimulationStatus.java:116)
	at newagent.SampleAdNetworkModified.handleSimulationStatus(SampleAdNetworkModified.java:427)
	at newagent.SampleAdNetworkModified.messageReceived(SampleAdNetworkModified.java:321)
	at se.sics.tasim.aw.AgentService.deliverToAgent(AgentService.java:130)
	at tau.tac.adx.agentware.AgentServiceImpl.deliverToAgent(AgentServiceImpl.java:135)
	at tau.tac.adx.agentware.SimClient.run(SimClient.java:437)
	at java.lang.Thread.run(Unknown Source)
23/11 17:26:10 SEVERE newagent.SampleAdNetworkModified|Exception thrown while trying to parse message.{0}
java.lang.NullPointerException: receiver
	at se.sics.tasim.aw.Message.<init>(Message.java:49)
	at se.sics.tasim.aw.Agent.sendMessage(Agent.java:172)
	at newagent.SampleAdNetworkModified.sendResponse(SampleAdNetworkModified.java:408)
	at newagent.HandleCampaignOpportunityMessage.run(HandleCampaignOpportunityMessage.java:87)
	at newagent.SampleAdNetworkModified.handleICampaignOpportunityMessage(SampleAdNetworkModified.java:404)
	at newagent.SampleAdNetworkModified.messageReceived(SampleAdNetworkModified.java:305)
	at se.sics.tasim.aw.AgentService.deliverToAgent(AgentService.java:130)
	at tau.tac.adx.agentware.AgentServiceImpl.deliverToAgent(AgentServiceImpl.java:135)
	at tau.tac.adx.agentware.SimClient.run(SimClient.java:437)
	at java.lang.Thread.run(Unknown Source)
23/11 17:26:10 SEVERE newagent.SampleAdNetworkModified|Exception thrown while trying to parse message.{0}
java.lang.NullPointerException
	at newagent.SendTheBidsAndAds.Run(SendTheBidsAndAds.java:65)
	at newagent.SampleAdNetworkModified.sendBidAndAds(SampleAdNetworkModified.java:434)
	at newagent.HandleSimulationStatus.run(HandleSimulationStatus.java:116)
	at newagent.SampleAdNetworkModified.handleSimulationStatus(SampleAdNetworkModified.java:427)
	at newagent.SampleAdNetworkModified.messageReceived(SampleAdNetworkModified.java:321)
	at se.sics.tasim.aw.AgentService.deliverToAgent(AgentService.java:130)
	at tau.tac.adx.agentware.AgentServiceImpl.deliverToAgent(AgentServiceImpl.java:135)
	at tau.tac.adx.agentware.SimClient.run(SimClient.java:437)
	at java.lang.Thread.run(Unknown Source)
23/11 17:26:20 SEVERE newagent.SampleAdNetworkModified|Exception thrown while trying to parse message.{0}
java.lang.NullPointerException: receiver
	at se.sics.tasim.aw.Message.<init>(Message.java:49)
	at se.sics.tasim.aw.Agent.sendMessage(Agent.java:172)
	at newagent.SampleAdNetworkModified.sendResponse(SampleAdNetworkModified.java:408)
	at newagent.HandleCampaignOpportunityMessage.run(HandleCampaignOpportunityMessage.java:87)
	at newagent.SampleAdNetworkModified.handleICampaignOpportunityMessage(SampleAdNetworkModified.java:404)
	at newagent.SampleAdNetworkModified.messageReceived(SampleAdNetworkModified.java:305)
	at se.sics.tasim.aw.AgentService.deliverToAgent(AgentService.java:130)
	at tau.tac.adx.agentware.AgentServiceImpl.deliverToAgent(AgentServiceImpl.java:135)
	at tau.tac.adx.agentware.SimClient.run(SimClient.java:437)
	at java.lang.Thread.run(Unknown Source)
23/11 17:26:20 SEVERE newagent.SampleAdNetworkModified|Exception thrown while trying to parse message.{0}
java.lang.NullPointerException
	at newagent.SendTheBidsAndAds.Run(SendTheBidsAndAds.java:65)
	at newagent.SampleAdNetworkModified.sendBidAndAds(SampleAdNetworkModified.java:434)
	at newagent.HandleSimulationStatus.run(HandleSimulationStatus.java:116)
	at newagent.SampleAdNetworkModified.handleSimulationStatus(SampleAdNetworkModified.java:427)
	at newagent.SampleAdNetworkModified.messageReceived(SampleAdNetworkModified.java:321)
	at se.sics.tasim.aw.AgentService.deliverToAgent(AgentService.java:130)
	at tau.tac.adx.agentware.AgentServiceImpl.deliverToAgent(AgentServiceImpl.java:135)
	at tau.tac.adx.agentware.SimClient.run(SimClient.java:437)
	at java.lang.Thread.run(Unknown Source)
23/11 17:26:30 SEVERE newagent.SampleAdNetworkModified|Exception thrown while trying to parse message.{0}
java.lang.NullPointerException: receiver
	at se.sics.tasim.aw.Message.<init>(Message.java:49)
	at se.sics.tasim.aw.Agent.sendMessage(Agent.java:172)
	at newagent.SampleAdNetworkModified.sendResponse(SampleAdNetworkModified.java:408)
	at newagent.HandleCampaignOpportunityMessage.run(HandleCampaignOpportunityMessage.java:87)
	at newagent.SampleAdNetworkModified.handleICampaignOpportunityMessage(SampleAdNetworkModified.java:404)
	at newagent.SampleAdNetworkModified.messageReceived(SampleAdNetworkModified.java:305)
	at se.sics.tasim.aw.AgentService.deliverToAgent(AgentService.java:130)
	at tau.tac.adx.agentware.AgentServiceImpl.deliverToAgent(AgentServiceImpl.java:135)
	at tau.tac.adx.agentware.SimClient.run(SimClient.java:437)
	at java.lang.Thread.run(Unknown Source)
23/11 17:26:30 SEVERE newagent.SampleAdNetworkModified|Exception thrown while trying to parse message.{0}
java.lang.NullPointerException
	at newagent.SendTheBidsAndAds.Run(SendTheBidsAndAds.java:65)
	at newagent.SampleAdNetworkModified.sendBidAndAds(SampleAdNetworkModified.java:434)
	at newagent.HandleSimulationStatus.run(HandleSimulationStatus.java:116)
	at newagent.SampleAdNetworkModified.handleSimulationStatus(SampleAdNetworkModified.java:427)
	at newagent.SampleAdNetworkModified.messageReceived(SampleAdNetworkModified.java:321)
	at se.sics.tasim.aw.AgentService.deliverToAgent(AgentService.java:130)
	at tau.tac.adx.agentware.AgentServiceImpl.deliverToAgent(AgentServiceImpl.java:135)
	at tau.tac.adx.agentware.SimClient.run(SimClient.java:437)
	at java.lang.Thread.run(Unknown Source)
23/11 17:26:40 SEVERE newagent.SampleAdNetworkModified|Exception thrown while trying to parse message.{0}
java.lang.NullPointerException: receiver
	at se.sics.tasim.aw.Message.<init>(Message.java:49)
	at se.sics.tasim.aw.Agent.sendMessage(Agent.java:172)
	at newagent.SampleAdNetworkModified.sendResponse(SampleAdNetworkModified.java:408)
	at newagent.HandleCampaignOpportunityMessage.run(HandleCampaignOpportunityMessage.java:87)
	at newagent.SampleAdNetworkModified.handleICampaignOpportunityMessage(SampleAdNetworkModified.java:404)
	at newagent.SampleAdNetworkModified.messageReceived(SampleAdNetworkModified.java:305)
	at se.sics.tasim.aw.AgentService.deliverToAgent(AgentService.java:130)
	at tau.tac.adx.agentware.AgentServiceImpl.deliverToAgent(AgentServiceImpl.java:135)
	at tau.tac.adx.agentware.SimClient.run(SimClient.java:437)
	at java.lang.Thread.run(Unknown Source)
23/11 17:26:40 SEVERE newagent.SampleAdNetworkModified|Exception thrown while trying to parse message.{0}
java.lang.NullPointerException
	at newagent.SendTheBidsAndAds.Run(SendTheBidsAndAds.java:65)
	at newagent.SampleAdNetworkModified.sendBidAndAds(SampleAdNetworkModified.java:434)
	at newagent.HandleSimulationStatus.run(HandleSimulationStatus.java:116)
	at newagent.SampleAdNetworkModified.handleSimulationStatus(SampleAdNetworkModified.java:427)
	at newagent.SampleAdNetworkModified.messageReceived(SampleAdNetworkModified.java:321)
	at se.sics.tasim.aw.AgentService.deliverToAgent(AgentService.java:130)
	at tau.tac.adx.agentware.AgentServiceImpl.deliverToAgent(AgentServiceImpl.java:135)
	at tau.tac.adx.agentware.SimClient.run(SimClient.java:437)
	at java.lang.Thread.run(Unknown Source)
23/11 17:26:50 SEVERE newagent.SampleAdNetworkModified|Exception thrown while trying to parse message.{0}
java.lang.NullPointerException: receiver
	at se.sics.tasim.aw.Message.<init>(Message.java:49)
	at se.sics.tasim.aw.Agent.sendMessage(Agent.java:172)
	at newagent.SampleAdNetworkModified.sendResponse(SampleAdNetworkModified.java:408)
	at newagent.HandleCampaignOpportunityMessage.run(HandleCampaignOpportunityMessage.java:87)
	at newagent.SampleAdNetworkModified.handleICampaignOpportunityMessage(SampleAdNetworkModified.java:404)
	at newagent.SampleAdNetworkModified.messageReceived(SampleAdNetworkModified.java:305)
	at se.sics.tasim.aw.AgentService.deliverToAgent(AgentService.java:130)
	at tau.tac.adx.agentware.AgentServiceImpl.deliverToAgent(AgentServiceImpl.java:135)
	at tau.tac.adx.agentware.SimClient.run(SimClient.java:437)
	at java.lang.Thread.run(Unknown Source)
23/11 17:26:50 SEVERE newagent.SampleAdNetworkModified|Exception thrown while trying to parse message.{0}
java.lang.NullPointerException
	at newagent.SendTheBidsAndAds.Run(SendTheBidsAndAds.java:65)
	at newagent.SampleAdNetworkModified.sendBidAndAds(SampleAdNetworkModified.java:434)
	at newagent.HandleSimulationStatus.run(HandleSimulationStatus.java:116)
	at newagent.SampleAdNetworkModified.handleSimulationStatus(SampleAdNetworkModified.java:427)
	at newagent.SampleAdNetworkModified.messageReceived(SampleAdNetworkModified.java:321)
	at se.sics.tasim.aw.AgentService.deliverToAgent(AgentService.java:130)
	at tau.tac.adx.agentware.AgentServiceImpl.deliverToAgent(AgentServiceImpl.java:135)
	at tau.tac.adx.agentware.SimClient.run(SimClient.java:437)
	at java.lang.Thread.run(Unknown Source)
23/11 17:27:00 SEVERE newagent.SampleAdNetworkModified|Exception thrown while trying to parse message.{0}
java.lang.NullPointerException: receiver
	at se.sics.tasim.aw.Message.<init>(Message.java:49)
	at se.sics.tasim.aw.Agent.sendMessage(Agent.java:172)
	at newagent.SampleAdNetworkModified.sendResponse(SampleAdNetworkModified.java:408)
	at newagent.HandleCampaignOpportunityMessage.run(HandleCampaignOpportunityMessage.java:87)
	at newagent.SampleAdNetworkModified.handleICampaignOpportunityMessage(SampleAdNetworkModified.java:404)
	at newagent.SampleAdNetworkModified.messageReceived(SampleAdNetworkModified.java:305)
	at se.sics.tasim.aw.AgentService.deliverToAgent(AgentService.java:130)
	at tau.tac.adx.agentware.AgentServiceImpl.deliverToAgent(AgentServiceImpl.java:135)
	at tau.tac.adx.agentware.SimClient.run(SimClient.java:437)
	at java.lang.Thread.run(Unknown Source)
23/11 17:27:00 SEVERE newagent.SampleAdNetworkModified|Exception thrown while trying to parse message.{0}
java.lang.NullPointerException
	at newagent.SendTheBidsAndAds.Run(SendTheBidsAndAds.java:65)
	at newagent.SampleAdNetworkModified.sendBidAndAds(SampleAdNetworkModified.java:434)
	at newagent.HandleSimulationStatus.run(HandleSimulationStatus.java:116)
	at newagent.SampleAdNetworkModified.handleSimulationStatus(SampleAdNetworkModified.java:427)
	at newagent.SampleAdNetworkModified.messageReceived(SampleAdNetworkModified.java:321)
	at se.sics.tasim.aw.AgentService.deliverToAgent(AgentService.java:130)
	at tau.tac.adx.agentware.AgentServiceImpl.deliverToAgent(AgentServiceImpl.java:135)
	at tau.tac.adx.agentware.SimClient.run(SimClient.java:437)
	at java.lang.Thread.run(Unknown Source)
23/11 17:27:10 SEVERE newagent.SampleAdNetworkModified|Exception thrown while trying to parse message.{0}
java.lang.NullPointerException: receiver
	at se.sics.tasim.aw.Message.<init>(Message.java:49)
	at se.sics.tasim.aw.Agent.sendMessage(Agent.java:172)
	at newagent.SampleAdNetworkModified.sendResponse(SampleAdNetworkModified.java:408)
	at newagent.HandleCampaignOpportunityMessage.run(HandleCampaignOpportunityMessage.java:87)
	at newagent.SampleAdNetworkModified.handleICampaignOpportunityMessage(SampleAdNetworkModified.java:404)
	at newagent.SampleAdNetworkModified.messageReceived(SampleAdNetworkModified.java:305)
	at se.sics.tasim.aw.AgentService.deliverToAgent(AgentService.java:130)
	at tau.tac.adx.agentware.AgentServiceImpl.deliverToAgent(AgentServiceImpl.java:135)
	at tau.tac.adx.agentware.SimClient.run(SimClient.java:437)
	at java.lang.Thread.run(Unknown Source)
23/11 17:27:10 SEVERE newagent.SampleAdNetworkModified|Exception thrown while trying to parse message.{0}
java.lang.NullPointerException
	at newagent.SendTheBidsAndAds.Run(SendTheBidsAndAds.java:65)
	at newagent.SampleAdNetworkModified.sendBidAndAds(SampleAdNetworkModified.java:434)
	at newagent.HandleSimulationStatus.run(HandleSimulationStatus.java:116)
	at newagent.SampleAdNetworkModified.handleSimulationStatus(SampleAdNetworkModified.java:427)
	at newagent.SampleAdNetworkModified.messageReceived(SampleAdNetworkModified.java:321)
	at se.sics.tasim.aw.AgentService.deliverToAgent(AgentService.java:130)
	at tau.tac.adx.agentware.AgentServiceImpl.deliverToAgent(AgentServiceImpl.java:135)
	at tau.tac.adx.agentware.SimClient.run(SimClient.java:437)
	at java.lang.Thread.run(Unknown Source)
23/11 17:27:20 SEVERE newagent.SampleAdNetworkModified|Exception thrown while trying to parse message.{0}
java.lang.NullPointerException: receiver
	at se.sics.tasim.aw.Message.<init>(Message.java:49)
	at se.sics.tasim.aw.Agent.sendMessage(Agent.java:172)
	at newagent.SampleAdNetworkModified.sendResponse(SampleAdNetworkModified.java:408)
	at newagent.HandleCampaignOpportunityMessage.run(HandleCampaignOpportunityMessage.java:87)
	at newagent.SampleAdNetworkModified.handleICampaignOpportunityMessage(SampleAdNetworkModified.java:404)
	at newagent.SampleAdNetworkModified.messageReceived(SampleAdNetworkModified.java:305)
	at se.sics.tasim.aw.AgentService.deliverToAgent(AgentService.java:130)
	at tau.tac.adx.agentware.AgentServiceImpl.deliverToAgent(AgentServiceImpl.java:135)
	at tau.tac.adx.agentware.SimClient.run(SimClient.java:437)
	at java.lang.Thread.run(Unknown Source)
23/11 17:27:20 SEVERE newagent.SampleAdNetworkModified|Exception thrown while trying to parse message.{0}
java.lang.NullPointerException
	at newagent.SendTheBidsAndAds.Run(SendTheBidsAndAds.java:65)
	at newagent.SampleAdNetworkModified.sendBidAndAds(SampleAdNetworkModified.java:434)
	at newagent.HandleSimulationStatus.run(HandleSimulationStatus.java:116)
	at newagent.SampleAdNetworkModified.handleSimulationStatus(SampleAdNetworkModified.java:427)
	at newagent.SampleAdNetworkModified.messageReceived(SampleAdNetworkModified.java:321)
	at se.sics.tasim.aw.AgentService.deliverToAgent(AgentService.java:130)
	at tau.tac.adx.agentware.AgentServiceImpl.deliverToAgent(AgentServiceImpl.java:135)
	at tau.tac.adx.agentware.SimClient.run(SimClient.java:437)
	at java.lang.Thread.run(Unknown Source)
23/11 17:27:30 SEVERE newagent.SampleAdNetworkModified|Exception thrown while trying to parse message.{0}
java.lang.NullPointerException: receiver
	at se.sics.tasim.aw.Message.<init>(Message.java:49)
	at se.sics.tasim.aw.Agent.sendMessage(Agent.java:172)
	at newagent.SampleAdNetworkModified.sendResponse(SampleAdNetworkModified.java:408)
	at newagent.HandleCampaignOpportunityMessage.run(HandleCampaignOpportunityMessage.java:87)
	at newagent.SampleAdNetworkModified.handleICampaignOpportunityMessage(SampleAdNetworkModified.java:404)
	at newagent.SampleAdNetworkModified.messageReceived(SampleAdNetworkModified.java:305)
	at se.sics.tasim.aw.AgentService.deliverToAgent(AgentService.java:130)
	at tau.tac.adx.agentware.AgentServiceImpl.deliverToAgent(AgentServiceImpl.java:135)
	at tau.tac.adx.agentware.SimClient.run(SimClient.java:437)
	at java.lang.Thread.run(Unknown Source)
23/11 17:27:30 SEVERE newagent.SampleAdNetworkModified|Exception thrown while trying to parse message.{0}
java.lang.NullPointerException
	at newagent.SendTheBidsAndAds.Run(SendTheBidsAndAds.java:65)
	at newagent.SampleAdNetworkModified.sendBidAndAds(SampleAdNetworkModified.java:434)
	at newagent.HandleSimulationStatus.run(HandleSimulationStatus.java:116)
	at newagent.SampleAdNetworkModified.handleSimulationStatus(SampleAdNetworkModified.java:427)
	at newagent.SampleAdNetworkModified.messageReceived(SampleAdNetworkModified.java:321)
	at se.sics.tasim.aw.AgentService.deliverToAgent(AgentService.java:130)
	at tau.tac.adx.agentware.AgentServiceImpl.deliverToAgent(AgentServiceImpl.java:135)
	at tau.tac.adx.agentware.SimClient.run(SimClient.java:437)
	at java.lang.Thread.run(Unknown Source)
23/11 17:27:40 SEVERE newagent.SampleAdNetworkModified|Exception thrown while trying to parse message.{0}
java.lang.NullPointerException: receiver
	at se.sics.tasim.aw.Message.<init>(Message.java:49)
	at se.sics.tasim.aw.Agent.sendMessage(Agent.java:172)
	at newagent.SampleAdNetworkModified.sendResponse(SampleAdNetworkModified.java:408)
	at newagent.HandleCampaignOpportunityMessage.run(HandleCampaignOpportunityMessage.java:87)
	at newagent.SampleAdNetworkModified.handleICampaignOpportunityMessage(SampleAdNetworkModified.java:404)
	at newagent.SampleAdNetworkModified.messageReceived(SampleAdNetworkModified.java:305)
	at se.sics.tasim.aw.AgentService.deliverToAgent(AgentService.java:130)
	at tau.tac.adx.agentware.AgentServiceImpl.deliverToAgent(AgentServiceImpl.java:135)
	at tau.tac.adx.agentware.SimClient.run(SimClient.java:437)
	at java.lang.Thread.run(Unknown Source)
23/11 17:27:40 SEVERE newagent.SampleAdNetworkModified|Exception thrown while trying to parse message.{0}
java.lang.NullPointerException
	at newagent.SendTheBidsAndAds.Run(SendTheBidsAndAds.java:65)
	at newagent.SampleAdNetworkModified.sendBidAndAds(SampleAdNetworkModified.java:434)
	at newagent.HandleSimulationStatus.run(HandleSimulationStatus.java:116)
	at newagent.SampleAdNetworkModified.handleSimulationStatus(SampleAdNetworkModified.java:427)
	at newagent.SampleAdNetworkModified.messageReceived(SampleAdNetworkModified.java:321)
	at se.sics.tasim.aw.AgentService.deliverToAgent(AgentService.java:130)
	at tau.tac.adx.agentware.AgentServiceImpl.deliverToAgent(AgentServiceImpl.java:135)
	at tau.tac.adx.agentware.SimClient.run(SimClient.java:437)
	at java.lang.Thread.run(Unknown Source)
23/11 17:27:50 SEVERE newagent.SampleAdNetworkModified|Exception thrown while trying to parse message.{0}
java.lang.NullPointerException: receiver
	at se.sics.tasim.aw.Message.<init>(Message.java:49)
	at se.sics.tasim.aw.Agent.sendMessage(Agent.java:172)
	at newagent.SampleAdNetworkModified.sendResponse(SampleAdNetworkModified.java:408)
	at newagent.HandleCampaignOpportunityMessage.run(HandleCampaignOpportunityMessage.java:87)
	at newagent.SampleAdNetworkModified.handleICampaignOpportunityMessage(SampleAdNetworkModified.java:404)
	at newagent.SampleAdNetworkModified.messageReceived(SampleAdNetworkModified.java:305)
	at se.sics.tasim.aw.AgentService.deliverToAgent(AgentService.java:130)
	at tau.tac.adx.agentware.AgentServiceImpl.deliverToAgent(AgentServiceImpl.java:135)
	at tau.tac.adx.agentware.SimClient.run(SimClient.java:437)
	at java.lang.Thread.run(Unknown Source)
23/11 17:27:50 SEVERE newagent.SampleAdNetworkModified|Exception thrown while trying to parse message.{0}
java.lang.NullPointerException
	at newagent.SendTheBidsAndAds.Run(SendTheBidsAndAds.java:65)
	at newagent.SampleAdNetworkModified.sendBidAndAds(SampleAdNetworkModified.java:434)
	at newagent.HandleSimulationStatus.run(HandleSimulationStatus.java:116)
	at newagent.SampleAdNetworkModified.handleSimulationStatus(SampleAdNetworkModified.java:427)
	at newagent.SampleAdNetworkModified.messageReceived(SampleAdNetworkModified.java:321)
	at se.sics.tasim.aw.AgentService.deliverToAgent(AgentService.java:130)
	at tau.tac.adx.agentware.AgentServiceImpl.deliverToAgent(AgentServiceImpl.java:135)
	at tau.tac.adx.agentware.SimClient.run(SimClient.java:437)
	at java.lang.Thread.run(Unknown Source)
23/11 17:28:00 SEVERE newagent.SampleAdNetworkModified|Exception thrown while trying to parse message.{0}
java.lang.NullPointerException: receiver
	at se.sics.tasim.aw.Message.<init>(Message.java:49)
	at se.sics.tasim.aw.Agent.sendMessage(Agent.java:172)
	at newagent.SampleAdNetworkModified.sendResponse(SampleAdNetworkModified.java:408)
	at newagent.HandleCampaignOpportunityMessage.run(HandleCampaignOpportunityMessage.java:87)
	at newagent.SampleAdNetworkModified.handleICampaignOpportunityMessage(SampleAdNetworkModified.java:404)
	at newagent.SampleAdNetworkModified.messageReceived(SampleAdNetworkModified.java:305)
	at se.sics.tasim.aw.AgentService.deliverToAgent(AgentService.java:130)
	at tau.tac.adx.agentware.AgentServiceImpl.deliverToAgent(AgentServiceImpl.java:135)
	at tau.tac.adx.agentware.SimClient.run(SimClient.java:437)
	at java.lang.Thread.run(Unknown Source)
23/11 17:28:00 SEVERE newagent.SampleAdNetworkModified|Exception thrown while trying to parse message.{0}
java.lang.NullPointerException
	at newagent.SendTheBidsAndAds.Run(SendTheBidsAndAds.java:65)
	at newagent.SampleAdNetworkModified.sendBidAndAds(SampleAdNetworkModified.java:434)
	at newagent.HandleSimulationStatus.run(HandleSimulationStatus.java:116)
	at newagent.SampleAdNetworkModified.handleSimulationStatus(SampleAdNetworkModified.java:427)
	at newagent.SampleAdNetworkModified.messageReceived(SampleAdNetworkModified.java:321)
	at se.sics.tasim.aw.AgentService.deliverToAgent(AgentService.java:130)
	at tau.tac.adx.agentware.AgentServiceImpl.deliverToAgent(AgentServiceImpl.java:135)
	at tau.tac.adx.agentware.SimClient.run(SimClient.java:437)
	at java.lang.Thread.run(Unknown Source)
23/11 17:28:10 SEVERE newagent.SampleAdNetworkModified|Exception thrown while trying to parse message.{0}
java.lang.NullPointerException: receiver
	at se.sics.tasim.aw.Message.<init>(Message.java:49)
	at se.sics.tasim.aw.Agent.sendMessage(Agent.java:172)
	at newagent.SampleAdNetworkModified.sendResponse(SampleAdNetworkModified.java:408)
	at newagent.HandleCampaignOpportunityMessage.run(HandleCampaignOpportunityMessage.java:87)
	at newagent.SampleAdNetworkModified.handleICampaignOpportunityMessage(SampleAdNetworkModified.java:404)
	at newagent.SampleAdNetworkModified.messageReceived(SampleAdNetworkModified.java:305)
	at se.sics.tasim.aw.AgentService.deliverToAgent(AgentService.java:130)
	at tau.tac.adx.agentware.AgentServiceImpl.deliverToAgent(AgentServiceImpl.java:135)
	at tau.tac.adx.agentware.SimClient.run(SimClient.java:437)
	at java.lang.Thread.run(Unknown Source)
23/11 17:28:10 SEVERE newagent.SampleAdNetworkModified|Exception thrown while trying to parse message.{0}
java.lang.NullPointerException
	at newagent.SendTheBidsAndAds.Run(SendTheBidsAndAds.java:65)
	at newagent.SampleAdNetworkModified.sendBidAndAds(SampleAdNetworkModified.java:434)
	at newagent.HandleSimulationStatus.run(HandleSimulationStatus.java:116)
	at newagent.SampleAdNetworkModified.handleSimulationStatus(SampleAdNetworkModified.java:427)
	at newagent.SampleAdNetworkModified.messageReceived(SampleAdNetworkModified.java:321)
	at se.sics.tasim.aw.AgentService.deliverToAgent(AgentService.java:130)
	at tau.tac.adx.agentware.AgentServiceImpl.deliverToAgent(AgentServiceImpl.java:135)
	at tau.tac.adx.agentware.SimClient.run(SimClient.java:437)
	at java.lang.Thread.run(Unknown Source)
23/11 17:28:20 SEVERE newagent.SampleAdNetworkModified|Exception thrown while trying to parse message.{0}
java.lang.NullPointerException: receiver
	at se.sics.tasim.aw.Message.<init>(Message.java:49)
	at se.sics.tasim.aw.Agent.sendMessage(Agent.java:172)
	at newagent.SampleAdNetworkModified.sendResponse(SampleAdNetworkModified.java:408)
	at newagent.HandleCampaignOpportunityMessage.run(HandleCampaignOpportunityMessage.java:87)
	at newagent.SampleAdNetworkModified.handleICampaignOpportunityMessage(SampleAdNetworkModified.java:404)
	at newagent.SampleAdNetworkModified.messageReceived(SampleAdNetworkModified.java:305)
	at se.sics.tasim.aw.AgentService.deliverToAgent(AgentService.java:130)
	at tau.tac.adx.agentware.AgentServiceImpl.deliverToAgent(AgentServiceImpl.java:135)
	at tau.tac.adx.agentware.SimClient.run(SimClient.java:437)
	at java.lang.Thread.run(Unknown Source)
23/11 17:28:20 SEVERE newagent.SampleAdNetworkModified|Exception thrown while trying to parse message.{0}
java.lang.NullPointerException
	at newagent.SendTheBidsAndAds.Run(SendTheBidsAndAds.java:65)
	at newagent.SampleAdNetworkModified.sendBidAndAds(SampleAdNetworkModified.java:434)
	at newagent.HandleSimulationStatus.run(HandleSimulationStatus.java:116)
	at newagent.SampleAdNetworkModified.handleSimulationStatus(SampleAdNetworkModified.java:427)
	at newagent.SampleAdNetworkModified.messageReceived(SampleAdNetworkModified.java:321)
	at se.sics.tasim.aw.AgentService.deliverToAgent(AgentService.java:130)
	at tau.tac.adx.agentware.AgentServiceImpl.deliverToAgent(AgentServiceImpl.java:135)
	at tau.tac.adx.agentware.SimClient.run(SimClient.java:437)
	at java.lang.Thread.run(Unknown Source)
23/11 17:28:30 SEVERE newagent.SampleAdNetworkModified|Exception thrown while trying to parse message.{0}
java.lang.NullPointerException: receiver
	at se.sics.tasim.aw.Message.<init>(Message.java:49)
	at se.sics.tasim.aw.Agent.sendMessage(Agent.java:172)
	at newagent.SampleAdNetworkModified.sendResponse(SampleAdNetworkModified.java:408)
	at newagent.HandleCampaignOpportunityMessage.run(HandleCampaignOpportunityMessage.java:87)
	at newagent.SampleAdNetworkModified.handleICampaignOpportunityMessage(SampleAdNetworkModified.java:404)
	at newagent.SampleAdNetworkModified.messageReceived(SampleAdNetworkModified.java:305)
	at se.sics.tasim.aw.AgentService.deliverToAgent(AgentService.java:130)
	at tau.tac.adx.agentware.AgentServiceImpl.deliverToAgent(AgentServiceImpl.java:135)
	at tau.tac.adx.agentware.SimClient.run(SimClient.java:437)
	at java.lang.Thread.run(Unknown Source)
23/11 17:28:30 SEVERE newagent.SampleAdNetworkModified|Exception thrown while trying to parse message.{0}
java.lang.NullPointerException
	at newagent.SendTheBidsAndAds.Run(SendTheBidsAndAds.java:65)
	at newagent.SampleAdNetworkModified.sendBidAndAds(SampleAdNetworkModified.java:434)
	at newagent.HandleSimulationStatus.run(HandleSimulationStatus.java:116)
	at newagent.SampleAdNetworkModified.handleSimulationStatus(SampleAdNetworkModified.java:427)
	at newagent.SampleAdNetworkModified.messageReceived(SampleAdNetworkModified.java:321)
	at se.sics.tasim.aw.AgentService.deliverToAgent(AgentService.java:130)
	at tau.tac.adx.agentware.AgentServiceImpl.deliverToAgent(AgentServiceImpl.java:135)
	at tau.tac.adx.agentware.SimClient.run(SimClient.java:437)
	at java.lang.Thread.run(Unknown Source)
23/11 17:28:40 SEVERE newagent.SampleAdNetworkModified|Exception thrown while trying to parse message.{0}
java.lang.NullPointerException: receiver
	at se.sics.tasim.aw.Message.<init>(Message.java:49)
	at se.sics.tasim.aw.Agent.sendMessage(Agent.java:172)
	at newagent.SampleAdNetworkModified.sendResponse(SampleAdNetworkModified.java:408)
	at newagent.HandleCampaignOpportunityMessage.run(HandleCampaignOpportunityMessage.java:87)
	at newagent.SampleAdNetworkModified.handleICampaignOpportunityMessage(SampleAdNetworkModified.java:404)
	at newagent.SampleAdNetworkModified.messageReceived(SampleAdNetworkModified.java:305)
	at se.sics.tasim.aw.AgentService.deliverToAgent(AgentService.java:130)
	at tau.tac.adx.agentware.AgentServiceImpl.deliverToAgent(AgentServiceImpl.java:135)
	at tau.tac.adx.agentware.SimClient.run(SimClient.java:437)
	at java.lang.Thread.run(Unknown Source)
23/11 17:28:40 SEVERE newagent.SampleAdNetworkModified|Exception thrown while trying to parse message.{0}
java.lang.NullPointerException
	at newagent.SendTheBidsAndAds.Run(SendTheBidsAndAds.java:65)
	at newagent.SampleAdNetworkModified.sendBidAndAds(SampleAdNetworkModified.java:434)
	at newagent.HandleSimulationStatus.run(HandleSimulationStatus.java:116)
	at newagent.SampleAdNetworkModified.handleSimulationStatus(SampleAdNetworkModified.java:427)
	at newagent.SampleAdNetworkModified.messageReceived(SampleAdNetworkModified.java:321)
	at se.sics.tasim.aw.AgentService.deliverToAgent(AgentService.java:130)
	at tau.tac.adx.agentware.AgentServiceImpl.deliverToAgent(AgentServiceImpl.java:135)
	at tau.tac.adx.agentware.SimClient.run(SimClient.java:437)
	at java.lang.Thread.run(Unknown Source)
23/11 17:28:50 SEVERE newagent.SampleAdNetworkModified|Exception thrown while trying to parse message.{0}
java.lang.NullPointerException: receiver
	at se.sics.tasim.aw.Message.<init>(Message.java:49)
	at se.sics.tasim.aw.Agent.sendMessage(Agent.java:172)
	at newagent.SampleAdNetworkModified.sendResponse(SampleAdNetworkModified.java:408)
	at newagent.HandleCampaignOpportunityMessage.run(HandleCampaignOpportunityMessage.java:87)
	at newagent.SampleAdNetworkModified.handleICampaignOpportunityMessage(SampleAdNetworkModified.java:404)
	at newagent.SampleAdNetworkModified.messageReceived(SampleAdNetworkModified.java:305)
	at se.sics.tasim.aw.AgentService.deliverToAgent(AgentService.java:130)
	at tau.tac.adx.agentware.AgentServiceImpl.deliverToAgent(AgentServiceImpl.java:135)
	at tau.tac.adx.agentware.SimClient.run(SimClient.java:437)
	at java.lang.Thread.run(Unknown Source)
23/11 17:28:50 SEVERE newagent.SampleAdNetworkModified|Exception thrown while trying to parse message.{0}
java.lang.NullPointerException
	at newagent.SendTheBidsAndAds.Run(SendTheBidsAndAds.java:65)
	at newagent.SampleAdNetworkModified.sendBidAndAds(SampleAdNetworkModified.java:434)
	at newagent.HandleSimulationStatus.run(HandleSimulationStatus.java:116)
	at newagent.SampleAdNetworkModified.handleSimulationStatus(SampleAdNetworkModified.java:427)
	at newagent.SampleAdNetworkModified.messageReceived(SampleAdNetworkModified.java:321)
	at se.sics.tasim.aw.AgentService.deliverToAgent(AgentService.java:130)
	at tau.tac.adx.agentware.AgentServiceImpl.deliverToAgent(AgentServiceImpl.java:135)
	at tau.tac.adx.agentware.SimClient.run(SimClient.java:437)
	at java.lang.Thread.run(Unknown Source)
23/11 17:29:00 SEVERE newagent.SampleAdNetworkModified|Exception thrown while trying to parse message.{0}
java.lang.NullPointerException: receiver
	at se.sics.tasim.aw.Message.<init>(Message.java:49)
	at se.sics.tasim.aw.Agent.sendMessage(Agent.java:172)
	at newagent.SampleAdNetworkModified.sendResponse(SampleAdNetworkModified.java:408)
	at newagent.HandleCampaignOpportunityMessage.run(HandleCampaignOpportunityMessage.java:87)
	at newagent.SampleAdNetworkModified.handleICampaignOpportunityMessage(SampleAdNetworkModified.java:404)
	at newagent.SampleAdNetworkModified.messageReceived(SampleAdNetworkModified.java:305)
	at se.sics.tasim.aw.AgentService.deliverToAgent(AgentService.java:130)
	at tau.tac.adx.agentware.AgentServiceImpl.deliverToAgent(AgentServiceImpl.java:135)
	at tau.tac.adx.agentware.SimClient.run(SimClient.java:437)
	at java.lang.Thread.run(Unknown Source)
23/11 17:29:00 SEVERE newagent.SampleAdNetworkModified|Exception thrown while trying to parse message.{0}
java.lang.NullPointerException
	at newagent.SendTheBidsAndAds.Run(SendTheBidsAndAds.java:65)
	at newagent.SampleAdNetworkModified.sendBidAndAds(SampleAdNetworkModified.java:434)
	at newagent.HandleSimulationStatus.run(HandleSimulationStatus.java:116)
	at newagent.SampleAdNetworkModified.handleSimulationStatus(SampleAdNetworkModified.java:427)
	at newagent.SampleAdNetworkModified.messageReceived(SampleAdNetworkModified.java:321)
	at se.sics.tasim.aw.AgentService.deliverToAgent(AgentService.java:130)
	at tau.tac.adx.agentware.AgentServiceImpl.deliverToAgent(AgentServiceImpl.java:135)
	at tau.tac.adx.agentware.SimClient.run(SimClient.java:437)
	at java.lang.Thread.run(Unknown Source)
23/11 17:29:10 SEVERE newagent.SampleAdNetworkModified|Exception thrown while trying to parse message.{0}
java.lang.NullPointerException
	at newagent.SendTheBidsAndAds.Run(SendTheBidsAndAds.java:65)
	at newagent.SampleAdNetworkModified.sendBidAndAds(SampleAdNetworkModified.java:434)
	at newagent.HandleSimulationStatus.run(HandleSimulationStatus.java:116)
	at newagent.SampleAdNetworkModified.handleSimulationStatus(SampleAdNetworkModified.java:427)
	at newagent.SampleAdNetworkModified.messageReceived(SampleAdNetworkModified.java:321)
	at se.sics.tasim.aw.AgentService.deliverToAgent(AgentService.java:130)
	at tau.tac.adx.agentware.AgentServiceImpl.deliverToAgent(AgentServiceImpl.java:135)
	at tau.tac.adx.agentware.SimClient.run(SimClient.java:437)
	at java.lang.Thread.run(Unknown Source)
23/11 17:29:20 SEVERE newagent.SampleAdNetworkModified|Exception thrown while trying to parse message.{0}
java.lang.NullPointerException: receiver
	at se.sics.tasim.aw.Message.<init>(Message.java:49)
	at se.sics.tasim.aw.Agent.sendMessage(Agent.java:172)
	at newagent.SampleAdNetworkModified.sendResponse(SampleAdNetworkModified.java:408)
	at newagent.HandleCampaignOpportunityMessage.run(HandleCampaignOpportunityMessage.java:87)
	at newagent.SampleAdNetworkModified.handleICampaignOpportunityMessage(SampleAdNetworkModified.java:404)
	at newagent.SampleAdNetworkModified.messageReceived(SampleAdNetworkModified.java:305)
	at se.sics.tasim.aw.AgentService.deliverToAgent(AgentService.java:130)
	at tau.tac.adx.agentware.AgentServiceImpl.deliverToAgent(AgentServiceImpl.java:135)
	at tau.tac.adx.agentware.SimClient.run(SimClient.java:437)
	at java.lang.Thread.run(Unknown Source)
23/11 17:29:20 SEVERE newagent.SampleAdNetworkModified|Exception thrown while trying to parse message.{0}
java.lang.NullPointerException
	at newagent.SendTheBidsAndAds.Run(SendTheBidsAndAds.java:65)
	at newagent.SampleAdNetworkModified.sendBidAndAds(SampleAdNetworkModified.java:434)
	at newagent.HandleSimulationStatus.run(HandleSimulationStatus.java:116)
	at newagent.SampleAdNetworkModified.handleSimulationStatus(SampleAdNetworkModified.java:427)
	at newagent.SampleAdNetworkModified.messageReceived(SampleAdNetworkModified.java:321)
	at se.sics.tasim.aw.AgentService.deliverToAgent(AgentService.java:130)
	at tau.tac.adx.agentware.AgentServiceImpl.deliverToAgent(AgentServiceImpl.java:135)
	at tau.tac.adx.agentware.SimClient.run(SimClient.java:437)
	at java.lang.Thread.run(Unknown Source)
23/11 17:29:30 SEVERE newagent.SampleAdNetworkModified|Exception thrown while trying to parse message.{0}
java.lang.NullPointerException: receiver
	at se.sics.tasim.aw.Message.<init>(Message.java:49)
	at se.sics.tasim.aw.Agent.sendMessage(Agent.java:172)
	at newagent.SampleAdNetworkModified.sendResponse(SampleAdNetworkModified.java:408)
	at newagent.HandleCampaignOpportunityMessage.run(HandleCampaignOpportunityMessage.java:87)
	at newagent.SampleAdNetworkModified.handleICampaignOpportunityMessage(SampleAdNetworkModified.java:404)
	at newagent.SampleAdNetworkModified.messageReceived(SampleAdNetworkModified.java:305)
	at se.sics.tasim.aw.AgentService.deliverToAgent(AgentService.java:130)
	at tau.tac.adx.agentware.AgentServiceImpl.deliverToAgent(AgentServiceImpl.java:135)
	at tau.tac.adx.agentware.SimClient.run(SimClient.java:437)
	at java.lang.Thread.run(Unknown Source)
23/11 17:29:30 SEVERE newagent.SampleAdNetworkModified|Exception thrown while trying to parse message.{0}
java.lang.NullPointerException
	at newagent.SendTheBidsAndAds.Run(SendTheBidsAndAds.java:65)
	at newagent.SampleAdNetworkModified.sendBidAndAds(SampleAdNetworkModified.java:434)
	at newagent.HandleSimulationStatus.run(HandleSimulationStatus.java:116)
	at newagent.SampleAdNetworkModified.handleSimulationStatus(SampleAdNetworkModified.java:427)
	at newagent.SampleAdNetworkModified.messageReceived(SampleAdNetworkModified.java:321)
	at se.sics.tasim.aw.AgentService.deliverToAgent(AgentService.java:130)
	at tau.tac.adx.agentware.AgentServiceImpl.deliverToAgent(AgentServiceImpl.java:135)
	at tau.tac.adx.agentware.SimClient.run(SimClient.java:437)
	at java.lang.Thread.run(Unknown Source)
23/11 17:29:40 SEVERE newagent.SampleAdNetworkModified|Exception thrown while trying to parse message.{0}
java.lang.NullPointerException: receiver
	at se.sics.tasim.aw.Message.<init>(Message.java:49)
	at se.sics.tasim.aw.Agent.sendMessage(Agent.java:172)
	at newagent.SampleAdNetworkModified.sendResponse(SampleAdNetworkModified.java:408)
	at newagent.HandleCampaignOpportunityMessage.run(HandleCampaignOpportunityMessage.java:87)
	at newagent.SampleAdNetworkModified.handleICampaignOpportunityMessage(SampleAdNetworkModified.java:404)
	at newagent.SampleAdNetworkModified.messageReceived(SampleAdNetworkModified.java:305)
	at se.sics.tasim.aw.AgentService.deliverToAgent(AgentService.java:130)
	at tau.tac.adx.agentware.AgentServiceImpl.deliverToAgent(AgentServiceImpl.java:135)
	at tau.tac.adx.agentware.SimClient.run(SimClient.java:437)
	at java.lang.Thread.run(Unknown Source)
23/11 17:29:40 SEVERE newagent.SampleAdNetworkModified|Exception thrown while trying to parse message.{0}
java.lang.NullPointerException
	at newagent.SendTheBidsAndAds.Run(SendTheBidsAndAds.java:65)
	at newagent.SampleAdNetworkModified.sendBidAndAds(SampleAdNetworkModified.java:434)
	at newagent.HandleSimulationStatus.run(HandleSimulationStatus.java:116)
	at newagent.SampleAdNetworkModified.handleSimulationStatus(SampleAdNetworkModified.java:427)
	at newagent.SampleAdNetworkModified.messageReceived(SampleAdNetworkModified.java:321)
	at se.sics.tasim.aw.AgentService.deliverToAgent(AgentService.java:130)
	at tau.tac.adx.agentware.AgentServiceImpl.deliverToAgent(AgentServiceImpl.java:135)
	at tau.tac.adx.agentware.SimClient.run(SimClient.java:437)
	at java.lang.Thread.run(Unknown Source)
23/11 17:29:50 SEVERE newagent.SampleAdNetworkModified|Exception thrown while trying to parse message.{0}
java.lang.NullPointerException: receiver
	at se.sics.tasim.aw.Message.<init>(Message.java:49)
	at se.sics.tasim.aw.Agent.sendMessage(Agent.java:172)
	at newagent.SampleAdNetworkModified.sendResponse(SampleAdNetworkModified.java:408)
	at newagent.HandleCampaignOpportunityMessage.run(HandleCampaignOpportunityMessage.java:87)
	at newagent.SampleAdNetworkModified.handleICampaignOpportunityMessage(SampleAdNetworkModified.java:404)
	at newagent.SampleAdNetworkModified.messageReceived(SampleAdNetworkModified.java:305)
	at se.sics.tasim.aw.AgentService.deliverToAgent(AgentService.java:130)
	at tau.tac.adx.agentware.AgentServiceImpl.deliverToAgent(AgentServiceImpl.java:135)
	at tau.tac.adx.agentware.SimClient.run(SimClient.java:437)
	at java.lang.Thread.run(Unknown Source)
23/11 17:29:50 SEVERE newagent.SampleAdNetworkModified|Exception thrown while trying to parse message.{0}
java.lang.NullPointerException
	at newagent.SendTheBidsAndAds.Run(SendTheBidsAndAds.java:65)
	at newagent.SampleAdNetworkModified.sendBidAndAds(SampleAdNetworkModified.java:434)
	at newagent.HandleSimulationStatus.run(HandleSimulationStatus.java:116)
	at newagent.SampleAdNetworkModified.handleSimulationStatus(SampleAdNetworkModified.java:427)
	at newagent.SampleAdNetworkModified.messageReceived(SampleAdNetworkModified.java:321)
	at se.sics.tasim.aw.AgentService.deliverToAgent(AgentService.java:130)
	at tau.tac.adx.agentware.AgentServiceImpl.deliverToAgent(AgentServiceImpl.java:135)
	at tau.tac.adx.agentware.SimClient.run(SimClient.java:437)
	at java.lang.Thread.run(Unknown Source)
23/11 17:30:00 SEVERE newagent.SampleAdNetworkModified|Exception thrown while trying to parse message.{0}
java.lang.NullPointerException
	at newagent.SendTheBidsAndAds.Run(SendTheBidsAndAds.java:65)
	at newagent.SampleAdNetworkModified.sendBidAndAds(SampleAdNetworkModified.java:434)
	at newagent.HandleSimulationStatus.run(HandleSimulationStatus.java:116)
	at newagent.SampleAdNetworkModified.handleSimulationStatus(SampleAdNetworkModified.java:427)
	at newagent.SampleAdNetworkModified.messageReceived(SampleAdNetworkModified.java:321)
	at se.sics.tasim.aw.AgentService.deliverToAgent(AgentService.java:130)
	at tau.tac.adx.agentware.AgentServiceImpl.deliverToAgent(AgentServiceImpl.java:135)
	at tau.tac.adx.agentware.SimClient.run(SimClient.java:437)
	at java.lang.Thread.run(Unknown Source)
23/11 17:30:10 SEVERE newagent.SampleAdNetworkModified|Exception thrown while trying to parse message.{0}
java.lang.NullPointerException
	at newagent.SendTheBidsAndAds.Run(SendTheBidsAndAds.java:65)
	at newagent.SampleAdNetworkModified.sendBidAndAds(SampleAdNetworkModified.java:434)
	at newagent.HandleSimulationStatus.run(HandleSimulationStatus.java:116)
	at newagent.SampleAdNetworkModified.handleSimulationStatus(SampleAdNetworkModified.java:427)
	at newagent.SampleAdNetworkModified.messageReceived(SampleAdNetworkModified.java:321)
	at se.sics.tasim.aw.AgentService.deliverToAgent(AgentService.java:130)
	at tau.tac.adx.agentware.AgentServiceImpl.deliverToAgent(AgentServiceImpl.java:135)
	at tau.tac.adx.agentware.SimClient.run(SimClient.java:437)
	at java.lang.Thread.run(Unknown Source)
23/11 17:30:20 SEVERE newagent.SampleAdNetworkModified|Exception thrown while trying to parse message.{0}
java.lang.NullPointerException
	at newagent.SendTheBidsAndAds.Run(SendTheBidsAndAds.java:65)
	at newagent.SampleAdNetworkModified.sendBidAndAds(SampleAdNetworkModified.java:434)
	at newagent.HandleSimulationStatus.run(HandleSimulationStatus.java:116)
	at newagent.SampleAdNetworkModified.handleSimulationStatus(SampleAdNetworkModified.java:427)
	at newagent.SampleAdNetworkModified.messageReceived(SampleAdNetworkModified.java:321)
	at se.sics.tasim.aw.AgentService.deliverToAgent(AgentService.java:130)
	at tau.tac.adx.agentware.AgentServiceImpl.deliverToAgent(AgentServiceImpl.java:135)
	at tau.tac.adx.agentware.SimClient.run(SimClient.java:437)
	at java.lang.Thread.run(Unknown Source)
23/11 17:30:30 SEVERE newagent.SampleAdNetworkModified|Exception thrown while trying to parse message.{0}
java.lang.NullPointerException
	at newagent.SendTheBidsAndAds.Run(SendTheBidsAndAds.java:65)
	at newagent.SampleAdNetworkModified.sendBidAndAds(SampleAdNetworkModified.java:434)
	at newagent.HandleSimulationStatus.run(HandleSimulationStatus.java:116)
	at newagent.SampleAdNetworkModified.handleSimulationStatus(SampleAdNetworkModified.java:427)
	at newagent.SampleAdNetworkModified.messageReceived(SampleAdNetworkModified.java:321)
	at se.sics.tasim.aw.AgentService.deliverToAgent(AgentService.java:130)
	at tau.tac.adx.agentware.AgentServiceImpl.deliverToAgent(AgentServiceImpl.java:135)
	at tau.tac.adx.agentware.SimClient.run(SimClient.java:437)
	at java.lang.Thread.run(Unknown Source)
23/11 17:30:31 SEVERE agentware.SimClient|************************************************************
23/11 17:30:31 SEVERE agentware.SimClient|* ALERT: Multiple Connections
23/11 17:30:31 SEVERE agentware.SimClient|* The server connection was closed due to new connection
from agent sample@127.0.0.1.
23/11 17:30:31 SEVERE agentware.SimClient|************************************************************
23/11 17:30:31 SEVERE agentware.ServerConnection|(1) could not read
java.io.EOFException
	at java.io.DataInputStream.readInt(Unknown Source)
	at tau.tac.adx.agentware.ServerConnection.run(ServerConnection.java:221)
	at java.lang.Thread.run(Unknown Source)
23/11 17:30:31 SEVERE agentware.SimClient|************************************************************
23/11 17:30:31 SEVERE agentware.SimClient|* Connection Lost
23/11 17:30:31 SEVERE agentware.SimClient|* Lost connection to localhost (will reconnect in 30 seconds)
23/11 17:30:31 SEVERE agentware.SimClient|************************************************************
23/11 17:30:50 SEVERE newagent.SampleAdNetworkModified|Exception thrown while trying to parse message.{0}
java.lang.NullPointerException
	at newagent.HandleAdNetworkDailyNotification.run(HandleAdNetworkDailyNotification.java:29)
	at newagent.SampleAdNetworkModified.handleAdNetworkDailyNotification(SampleAdNetworkModified.java:418)
	at newagent.SampleAdNetworkModified.messageReceived(SampleAdNetworkModified.java:313)
	at se.sics.tasim.aw.AgentService.deliverToAgent(AgentService.java:130)
	at tau.tac.adx.agentware.AgentServiceImpl.deliverToAgent(AgentServiceImpl.java:135)
	at tau.tac.adx.agentware.SimClient.run(SimClient.java:437)
	at java.lang.Thread.run(Unknown Source)
23/11 17:30:50 SEVERE newagent.SampleAdNetworkModified|Exception thrown while trying to parse message.{0}
java.lang.NullPointerException
	at newagent.SendTheBidsAndAds.Run(SendTheBidsAndAds.java:54)
	at newagent.SampleAdNetworkModified.sendBidAndAds(SampleAdNetworkModified.java:434)
	at newagent.HandleSimulationStatus.run(HandleSimulationStatus.java:116)
	at newagent.SampleAdNetworkModified.handleSimulationStatus(SampleAdNetworkModified.java:427)
	at newagent.SampleAdNetworkModified.messageReceived(SampleAdNetworkModified.java:321)
	at se.sics.tasim.aw.AgentService.deliverToAgent(AgentService.java:130)
	at tau.tac.adx.agentware.AgentServiceImpl.deliverToAgent(AgentServiceImpl.java:135)
	at tau.tac.adx.agentware.SimClient.run(SimClient.java:437)
	at java.lang.Thread.run(Unknown Source)
23/11 17:31:00 SEVERE newagent.SampleAdNetworkModified|Exception thrown while trying to parse message.{0}
java.lang.NullPointerException
	at newagent.HandleAdNetworkDailyNotification.run(HandleAdNetworkDailyNotification.java:29)
	at newagent.SampleAdNetworkModified.handleAdNetworkDailyNotification(SampleAdNetworkModified.java:418)
	at newagent.SampleAdNetworkModified.messageReceived(SampleAdNetworkModified.java:313)
	at se.sics.tasim.aw.AgentService.deliverToAgent(AgentService.java:130)
	at tau.tac.adx.agentware.AgentServiceImpl.deliverToAgent(AgentServiceImpl.java:135)
	at tau.tac.adx.agentware.SimClient.run(SimClient.java:437)
	at java.lang.Thread.run(Unknown Source)
23/11 17:31:00 SEVERE newagent.SampleAdNetworkModified|Exception thrown while trying to parse message.{0}
java.lang.NullPointerException
	at newagent.SendTheBidsAndAds.Run(SendTheBidsAndAds.java:54)
	at newagent.SampleAdNetworkModified.sendBidAndAds(SampleAdNetworkModified.java:434)
	at newagent.HandleSimulationStatus.run(HandleSimulationStatus.java:116)
	at newagent.SampleAdNetworkModified.handleSimulationStatus(SampleAdNetworkModified.java:427)
	at newagent.SampleAdNetworkModified.messageReceived(SampleAdNetworkModified.java:321)
	at se.sics.tasim.aw.AgentService.deliverToAgent(AgentService.java:130)
	at tau.tac.adx.agentware.AgentServiceImpl.deliverToAgent(AgentServiceImpl.java:135)
	at tau.tac.adx.agentware.SimClient.run(SimClient.java:437)
	at java.lang.Thread.run(Unknown Source)
