07/12 14:43:01 SEVERE newagent.SampleAdNetworkModified|Exception thrown while trying to parse message.{0}
java.lang.NullPointerException
	at newagent.PredictImpressionCost.predictOneDayPriceIndex(PredictImpressionCost.java:48)
	at newagent.PredictCampaignCost.predictMultidayPriceIndex(PredictCampaignCost.java:58)
	at newagent.HandleCampaignOpportunityMessage.run(HandleCampaignOpportunityMessage.java:156)
	at newagent.SampleAdNetworkModified.handleICampaignOpportunityMessage(SampleAdNetworkModified.java:409)
	at newagent.SampleAdNetworkModified.messageReceived(SampleAdNetworkModified.java:310)
	at se.sics.tasim.aw.AgentService.deliverToAgent(AgentService.java:130)
	at tau.tac.adx.agentware.AgentServiceImpl.deliverToAgent(AgentServiceImpl.java:135)
	at tau.tac.adx.agentware.SimClient.run(SimClient.java:437)
	at java.lang.Thread.run(Thread.java:745)
07/12 14:43:12 SEVERE newagent.SampleAdNetworkModified|Exception thrown while trying to parse message.{0}
java.lang.NullPointerException
	at newagent.PredictImpressionCost.predictOneDayPriceIndex(PredictImpressionCost.java:48)
	at newagent.PredictCampaignCost.predictMultidayPriceIndex(PredictCampaignCost.java:58)
	at newagent.HandleCampaignOpportunityMessage.run(HandleCampaignOpportunityMessage.java:156)
	at newagent.SampleAdNetworkModified.handleICampaignOpportunityMessage(SampleAdNetworkModified.java:409)
	at newagent.SampleAdNetworkModified.messageReceived(SampleAdNetworkModified.java:310)
	at se.sics.tasim.aw.AgentService.deliverToAgent(AgentService.java:130)
	at tau.tac.adx.agentware.AgentServiceImpl.deliverToAgent(AgentServiceImpl.java:135)
	at tau.tac.adx.agentware.SimClient.run(SimClient.java:437)
	at java.lang.Thread.run(Thread.java:745)
07/12 14:43:20 SEVERE newagent.SampleAdNetworkModified|Exception thrown while trying to parse message.{0}
java.lang.NullPointerException
	at newagent.PredictImpressionCost.predictOneDayPriceIndex(PredictImpressionCost.java:48)
	at newagent.PredictCampaignCost.predictMultidayPriceIndex(PredictCampaignCost.java:58)
	at newagent.HandleCampaignOpportunityMessage.run(HandleCampaignOpportunityMessage.java:156)
	at newagent.SampleAdNetworkModified.handleICampaignOpportunityMessage(SampleAdNetworkModified.java:409)
	at newagent.SampleAdNetworkModified.messageReceived(SampleAdNetworkModified.java:310)
	at se.sics.tasim.aw.AgentService.deliverToAgent(AgentService.java:130)
	at tau.tac.adx.agentware.AgentServiceImpl.deliverToAgent(AgentServiceImpl.java:135)
	at tau.tac.adx.agentware.SimClient.run(SimClient.java:437)
	at java.lang.Thread.run(Thread.java:745)
07/12 14:43:30 SEVERE newagent.SampleAdNetworkModified|Exception thrown while trying to parse message.{0}
java.lang.NullPointerException
	at newagent.PredictImpressionCost.predictOneDayPriceIndex(PredictImpressionCost.java:48)
	at newagent.PredictCampaignCost.predictMultidayPriceIndex(PredictCampaignCost.java:58)
	at newagent.HandleCampaignOpportunityMessage.run(HandleCampaignOpportunityMessage.java:156)
	at newagent.SampleAdNetworkModified.handleICampaignOpportunityMessage(SampleAdNetworkModified.java:409)
	at newagent.SampleAdNetworkModified.messageReceived(SampleAdNetworkModified.java:310)
	at se.sics.tasim.aw.AgentService.deliverToAgent(AgentService.java:130)
	at tau.tac.adx.agentware.AgentServiceImpl.deliverToAgent(AgentServiceImpl.java:135)
	at tau.tac.adx.agentware.SimClient.run(SimClient.java:437)
	at java.lang.Thread.run(Thread.java:745)
07/12 14:43:40 SEVERE newagent.SampleAdNetworkModified|Exception thrown while trying to parse message.{0}
java.lang.NullPointerException
	at newagent.PredictImpressionCost.predictOneDayPriceIndex(PredictImpressionCost.java:48)
	at newagent.PredictCampaignCost.predictMultidayPriceIndex(PredictCampaignCost.java:58)
	at newagent.HandleCampaignOpportunityMessage.run(HandleCampaignOpportunityMessage.java:156)
	at newagent.SampleAdNetworkModified.handleICampaignOpportunityMessage(SampleAdNetworkModified.java:409)
	at newagent.SampleAdNetworkModified.messageReceived(SampleAdNetworkModified.java:310)
	at se.sics.tasim.aw.AgentService.deliverToAgent(AgentService.java:130)
	at tau.tac.adx.agentware.AgentServiceImpl.deliverToAgent(AgentServiceImpl.java:135)
	at tau.tac.adx.agentware.SimClient.run(SimClient.java:437)
	at java.lang.Thread.run(Thread.java:745)
07/12 14:43:50 SEVERE newagent.SampleAdNetworkModified|Exception thrown while trying to parse message.{0}
java.lang.NullPointerException
	at newagent.PredictImpressionCost.predictOneDayPriceIndex(PredictImpressionCost.java:48)
	at newagent.PredictCampaignCost.predictMultidayPriceIndex(PredictCampaignCost.java:58)
	at newagent.HandleCampaignOpportunityMessage.run(HandleCampaignOpportunityMessage.java:156)
	at newagent.SampleAdNetworkModified.handleICampaignOpportunityMessage(SampleAdNetworkModified.java:409)
	at newagent.SampleAdNetworkModified.messageReceived(SampleAdNetworkModified.java:310)
	at se.sics.tasim.aw.AgentService.deliverToAgent(AgentService.java:130)
	at tau.tac.adx.agentware.AgentServiceImpl.deliverToAgent(AgentServiceImpl.java:135)
	at tau.tac.adx.agentware.SimClient.run(SimClient.java:437)
	at java.lang.Thread.run(Thread.java:745)
07/12 14:44:00 SEVERE newagent.SampleAdNetworkModified|Exception thrown while trying to parse message.{0}
java.lang.NullPointerException
	at newagent.PredictImpressionCost.predictOneDayPriceIndex(PredictImpressionCost.java:48)
	at newagent.PredictCampaignCost.predictMultidayPriceIndex(PredictCampaignCost.java:58)
	at newagent.HandleCampaignOpportunityMessage.run(HandleCampaignOpportunityMessage.java:156)
	at newagent.SampleAdNetworkModified.handleICampaignOpportunityMessage(SampleAdNetworkModified.java:409)
	at newagent.SampleAdNetworkModified.messageReceived(SampleAdNetworkModified.java:310)
	at se.sics.tasim.aw.AgentService.deliverToAgent(AgentService.java:130)
	at tau.tac.adx.agentware.AgentServiceImpl.deliverToAgent(AgentServiceImpl.java:135)
	at tau.tac.adx.agentware.SimClient.run(SimClient.java:437)
	at java.lang.Thread.run(Thread.java:745)
07/12 14:44:10 SEVERE newagent.SampleAdNetworkModified|Exception thrown while trying to parse message.{0}
java.lang.NullPointerException
	at newagent.PredictImpressionCost.predictOneDayPriceIndex(PredictImpressionCost.java:48)
	at newagent.PredictCampaignCost.predictMultidayPriceIndex(PredictCampaignCost.java:58)
	at newagent.HandleCampaignOpportunityMessage.run(HandleCampaignOpportunityMessage.java:156)
	at newagent.SampleAdNetworkModified.handleICampaignOpportunityMessage(SampleAdNetworkModified.java:409)
	at newagent.SampleAdNetworkModified.messageReceived(SampleAdNetworkModified.java:310)
	at se.sics.tasim.aw.AgentService.deliverToAgent(AgentService.java:130)
	at tau.tac.adx.agentware.AgentServiceImpl.deliverToAgent(AgentServiceImpl.java:135)
	at tau.tac.adx.agentware.SimClient.run(SimClient.java:437)
	at java.lang.Thread.run(Thread.java:745)
07/12 14:44:20 SEVERE newagent.SampleAdNetworkModified|Exception thrown while trying to parse message.{0}
java.lang.NullPointerException
	at newagent.PredictImpressionCost.predictOneDayPriceIndex(PredictImpressionCost.java:48)
	at newagent.PredictCampaignCost.predictMultidayPriceIndex(PredictCampaignCost.java:58)
	at newagent.HandleCampaignOpportunityMessage.run(HandleCampaignOpportunityMessage.java:156)
	at newagent.SampleAdNetworkModified.handleICampaignOpportunityMessage(SampleAdNetworkModified.java:409)
	at newagent.SampleAdNetworkModified.messageReceived(SampleAdNetworkModified.java:310)
	at se.sics.tasim.aw.AgentService.deliverToAgent(AgentService.java:130)
	at tau.tac.adx.agentware.AgentServiceImpl.deliverToAgent(AgentServiceImpl.java:135)
	at tau.tac.adx.agentware.SimClient.run(SimClient.java:437)
	at java.lang.Thread.run(Thread.java:745)
07/12 14:44:30 SEVERE newagent.SampleAdNetworkModified|Exception thrown while trying to parse message.{0}
java.lang.NullPointerException
	at newagent.PredictImpressionCost.predictOneDayPriceIndex(PredictImpressionCost.java:48)
	at newagent.PredictCampaignCost.predictMultidayPriceIndex(PredictCampaignCost.java:58)
	at newagent.HandleCampaignOpportunityMessage.run(HandleCampaignOpportunityMessage.java:156)
	at newagent.SampleAdNetworkModified.handleICampaignOpportunityMessage(SampleAdNetworkModified.java:409)
	at newagent.SampleAdNetworkModified.messageReceived(SampleAdNetworkModified.java:310)
	at se.sics.tasim.aw.AgentService.deliverToAgent(AgentService.java:130)
	at tau.tac.adx.agentware.AgentServiceImpl.deliverToAgent(AgentServiceImpl.java:135)
	at tau.tac.adx.agentware.SimClient.run(SimClient.java:437)
	at java.lang.Thread.run(Thread.java:745)
07/12 14:44:40 SEVERE newagent.SampleAdNetworkModified|Exception thrown while trying to parse message.{0}
java.lang.NullPointerException
	at newagent.PredictImpressionCost.predictOneDayPriceIndex(PredictImpressionCost.java:48)
	at newagent.PredictCampaignCost.predictMultidayPriceIndex(PredictCampaignCost.java:58)
	at newagent.HandleCampaignOpportunityMessage.run(HandleCampaignOpportunityMessage.java:156)
	at newagent.SampleAdNetworkModified.handleICampaignOpportunityMessage(SampleAdNetworkModified.java:409)
	at newagent.SampleAdNetworkModified.messageReceived(SampleAdNetworkModified.java:310)
	at se.sics.tasim.aw.AgentService.deliverToAgent(AgentService.java:130)
	at tau.tac.adx.agentware.AgentServiceImpl.deliverToAgent(AgentServiceImpl.java:135)
	at tau.tac.adx.agentware.SimClient.run(SimClient.java:437)
	at java.lang.Thread.run(Thread.java:745)
07/12 14:44:50 SEVERE newagent.SampleAdNetworkModified|Exception thrown while trying to parse message.{0}
java.lang.NullPointerException
	at newagent.PredictImpressionCost.predictOneDayPriceIndex(PredictImpressionCost.java:48)
	at newagent.PredictCampaignCost.predictMultidayPriceIndex(PredictCampaignCost.java:58)
	at newagent.HandleCampaignOpportunityMessage.run(HandleCampaignOpportunityMessage.java:156)
	at newagent.SampleAdNetworkModified.handleICampaignOpportunityMessage(SampleAdNetworkModified.java:409)
	at newagent.SampleAdNetworkModified.messageReceived(SampleAdNetworkModified.java:310)
	at se.sics.tasim.aw.AgentService.deliverToAgent(AgentService.java:130)
	at tau.tac.adx.agentware.AgentServiceImpl.deliverToAgent(AgentServiceImpl.java:135)
	at tau.tac.adx.agentware.SimClient.run(SimClient.java:437)
	at java.lang.Thread.run(Thread.java:745)
07/12 14:45:00 SEVERE newagent.SampleAdNetworkModified|Exception thrown while trying to parse message.{0}
java.lang.NullPointerException
	at newagent.PredictImpressionCost.predictOneDayPriceIndex(PredictImpressionCost.java:48)
	at newagent.PredictCampaignCost.predictMultidayPriceIndex(PredictCampaignCost.java:58)
	at newagent.HandleCampaignOpportunityMessage.run(HandleCampaignOpportunityMessage.java:156)
	at newagent.SampleAdNetworkModified.handleICampaignOpportunityMessage(SampleAdNetworkModified.java:409)
	at newagent.SampleAdNetworkModified.messageReceived(SampleAdNetworkModified.java:310)
	at se.sics.tasim.aw.AgentService.deliverToAgent(AgentService.java:130)
	at tau.tac.adx.agentware.AgentServiceImpl.deliverToAgent(AgentServiceImpl.java:135)
	at tau.tac.adx.agentware.SimClient.run(SimClient.java:437)
	at java.lang.Thread.run(Thread.java:745)
07/12 14:45:10 SEVERE newagent.SampleAdNetworkModified|Exception thrown while trying to parse message.{0}
java.lang.NullPointerException
	at newagent.PredictImpressionCost.predictOneDayPriceIndex(PredictImpressionCost.java:48)
	at newagent.PredictCampaignCost.predictMultidayPriceIndex(PredictCampaignCost.java:58)
	at newagent.HandleCampaignOpportunityMessage.run(HandleCampaignOpportunityMessage.java:156)
	at newagent.SampleAdNetworkModified.handleICampaignOpportunityMessage(SampleAdNetworkModified.java:409)
	at newagent.SampleAdNetworkModified.messageReceived(SampleAdNetworkModified.java:310)
	at se.sics.tasim.aw.AgentService.deliverToAgent(AgentService.java:130)
	at tau.tac.adx.agentware.AgentServiceImpl.deliverToAgent(AgentServiceImpl.java:135)
	at tau.tac.adx.agentware.SimClient.run(SimClient.java:437)
	at java.lang.Thread.run(Thread.java:745)
07/12 14:45:20 SEVERE newagent.SampleAdNetworkModified|Exception thrown while trying to parse message.{0}
java.lang.NullPointerException
	at newagent.PredictImpressionCost.predictOneDayPriceIndex(PredictImpressionCost.java:48)
	at newagent.PredictCampaignCost.predictMultidayPriceIndex(PredictCampaignCost.java:58)
	at newagent.HandleCampaignOpportunityMessage.run(HandleCampaignOpportunityMessage.java:156)
	at newagent.SampleAdNetworkModified.handleICampaignOpportunityMessage(SampleAdNetworkModified.java:409)
	at newagent.SampleAdNetworkModified.messageReceived(SampleAdNetworkModified.java:310)
	at se.sics.tasim.aw.AgentService.deliverToAgent(AgentService.java:130)
	at tau.tac.adx.agentware.AgentServiceImpl.deliverToAgent(AgentServiceImpl.java:135)
	at tau.tac.adx.agentware.SimClient.run(SimClient.java:437)
	at java.lang.Thread.run(Thread.java:745)
07/12 14:45:30 SEVERE newagent.SampleAdNetworkModified|Exception thrown while trying to parse message.{0}
java.lang.NullPointerException
	at newagent.PredictImpressionCost.predictOneDayPriceIndex(PredictImpressionCost.java:48)
	at newagent.PredictCampaignCost.predictMultidayPriceIndex(PredictCampaignCost.java:58)
	at newagent.HandleCampaignOpportunityMessage.run(HandleCampaignOpportunityMessage.java:156)
	at newagent.SampleAdNetworkModified.handleICampaignOpportunityMessage(SampleAdNetworkModified.java:409)
	at newagent.SampleAdNetworkModified.messageReceived(SampleAdNetworkModified.java:310)
	at se.sics.tasim.aw.AgentService.deliverToAgent(AgentService.java:130)
	at tau.tac.adx.agentware.AgentServiceImpl.deliverToAgent(AgentServiceImpl.java:135)
	at tau.tac.adx.agentware.SimClient.run(SimClient.java:437)
	at java.lang.Thread.run(Thread.java:745)
07/12 14:45:40 SEVERE newagent.SampleAdNetworkModified|Exception thrown while trying to parse message.{0}
java.lang.NullPointerException
	at newagent.PredictImpressionCost.predictOneDayPriceIndex(PredictImpressionCost.java:48)
	at newagent.PredictCampaignCost.predictMultidayPriceIndex(PredictCampaignCost.java:58)
	at newagent.HandleCampaignOpportunityMessage.run(HandleCampaignOpportunityMessage.java:156)
	at newagent.SampleAdNetworkModified.handleICampaignOpportunityMessage(SampleAdNetworkModified.java:409)
	at newagent.SampleAdNetworkModified.messageReceived(SampleAdNetworkModified.java:310)
	at se.sics.tasim.aw.AgentService.deliverToAgent(AgentService.java:130)
	at tau.tac.adx.agentware.AgentServiceImpl.deliverToAgent(AgentServiceImpl.java:135)
	at tau.tac.adx.agentware.SimClient.run(SimClient.java:437)
	at java.lang.Thread.run(Thread.java:745)
07/12 14:45:50 SEVERE newagent.SampleAdNetworkModified|Exception thrown while trying to parse message.{0}
java.lang.NullPointerException
	at newagent.PredictImpressionCost.predictOneDayPriceIndex(PredictImpressionCost.java:48)
	at newagent.PredictCampaignCost.predictMultidayPriceIndex(PredictCampaignCost.java:58)
	at newagent.HandleCampaignOpportunityMessage.run(HandleCampaignOpportunityMessage.java:156)
	at newagent.SampleAdNetworkModified.handleICampaignOpportunityMessage(SampleAdNetworkModified.java:409)
	at newagent.SampleAdNetworkModified.messageReceived(SampleAdNetworkModified.java:310)
	at se.sics.tasim.aw.AgentService.deliverToAgent(AgentService.java:130)
	at tau.tac.adx.agentware.AgentServiceImpl.deliverToAgent(AgentServiceImpl.java:135)
	at tau.tac.adx.agentware.SimClient.run(SimClient.java:437)
	at java.lang.Thread.run(Thread.java:745)
07/12 14:46:00 SEVERE newagent.SampleAdNetworkModified|Exception thrown while trying to parse message.{0}
java.lang.NullPointerException
	at newagent.PredictImpressionCost.predictOneDayPriceIndex(PredictImpressionCost.java:48)
	at newagent.PredictCampaignCost.predictMultidayPriceIndex(PredictCampaignCost.java:58)
	at newagent.HandleCampaignOpportunityMessage.run(HandleCampaignOpportunityMessage.java:156)
	at newagent.SampleAdNetworkModified.handleICampaignOpportunityMessage(SampleAdNetworkModified.java:409)
	at newagent.SampleAdNetworkModified.messageReceived(SampleAdNetworkModified.java:310)
	at se.sics.tasim.aw.AgentService.deliverToAgent(AgentService.java:130)
	at tau.tac.adx.agentware.AgentServiceImpl.deliverToAgent(AgentServiceImpl.java:135)
	at tau.tac.adx.agentware.SimClient.run(SimClient.java:437)
	at java.lang.Thread.run(Thread.java:745)
07/12 14:46:10 SEVERE newagent.SampleAdNetworkModified|Exception thrown while trying to parse message.{0}
java.lang.NullPointerException
	at newagent.PredictImpressionCost.predictOneDayPriceIndex(PredictImpressionCost.java:48)
	at newagent.PredictCampaignCost.predictMultidayPriceIndex(PredictCampaignCost.java:58)
	at newagent.HandleCampaignOpportunityMessage.run(HandleCampaignOpportunityMessage.java:156)
	at newagent.SampleAdNetworkModified.handleICampaignOpportunityMessage(SampleAdNetworkModified.java:409)
	at newagent.SampleAdNetworkModified.messageReceived(SampleAdNetworkModified.java:310)
	at se.sics.tasim.aw.AgentService.deliverToAgent(AgentService.java:130)
	at tau.tac.adx.agentware.AgentServiceImpl.deliverToAgent(AgentServiceImpl.java:135)
	at tau.tac.adx.agentware.SimClient.run(SimClient.java:437)
	at java.lang.Thread.run(Thread.java:745)
