02/12 17:26:44 SEVERE agentware.ServerConnection|(1) connection to server failed
java.net.ConnectException: Connection refused: connect
	at java.net.DualStackPlainSocketImpl.connect0(Native Method)
	at java.net.DualStackPlainSocketImpl.socketConnect(Unknown Source)
	at java.net.AbstractPlainSocketImpl.doConnect(Unknown Source)
	at java.net.AbstractPlainSocketImpl.connectToAddress(Unknown Source)
	at java.net.AbstractPlainSocketImpl.connect(Unknown Source)
	at java.net.PlainSocketImpl.connect(Unknown Source)
	at java.net.SocksSocketImpl.connect(Unknown Source)
	at java.net.Socket.connect(Unknown Source)
	at java.net.Socket.connect(Unknown Source)
	at java.net.Socket.<init>(Unknown Source)
	at java.net.Socket.<init>(Unknown Source)
	at tau.tac.adx.agentware.ServerConnection.connect(ServerConnection.java:136)
	at tau.tac.adx.agentware.ServerConnection.run(ServerConnection.java:199)
	at java.lang.Thread.run(Unknown Source)
02/12 17:26:44 SEVERE agentware.SimClient|************************************************************
02/12 17:26:44 SEVERE agentware.SimClient|* Connection Failed
02/12 17:26:44 SEVERE agentware.SimClient|* Could not connect to localhost (will retry in 30 seconds)
02/12 17:26:44 SEVERE agentware.SimClient|************************************************************
02/12 17:27:14 INFO agentware.SimClient|next simulation starts in 45 seconds
02/12 17:36:50 SEVERE agentware.ServerConnection|(2) connection to server failed
java.net.ConnectException: Connection refused: connect
	at java.net.DualStackPlainSocketImpl.connect0(Native Method)
	at java.net.DualStackPlainSocketImpl.socketConnect(Unknown Source)
	at java.net.AbstractPlainSocketImpl.doConnect(Unknown Source)
	at java.net.AbstractPlainSocketImpl.connectToAddress(Unknown Source)
	at java.net.AbstractPlainSocketImpl.connect(Unknown Source)
	at java.net.PlainSocketImpl.connect(Unknown Source)
	at java.net.SocksSocketImpl.connect(Unknown Source)
	at java.net.Socket.connect(Unknown Source)
	at java.net.Socket.connect(Unknown Source)
	at java.net.Socket.<init>(Unknown Source)
	at java.net.Socket.<init>(Unknown Source)
	at tau.tac.adx.agentware.ServerConnection.connect(ServerConnection.java:136)
	at tau.tac.adx.agentware.ServerConnection.run(ServerConnection.java:199)
	at java.lang.Thread.run(Unknown Source)
02/12 17:36:50 SEVERE agentware.SimClient|************************************************************
02/12 17:36:50 SEVERE agentware.SimClient|* Connection Failed
02/12 17:36:50 SEVERE agentware.SimClient|* Could not connect to localhost (will retry in 30 seconds)
02/12 17:36:50 SEVERE agentware.SimClient|************************************************************
