02/12 17:16:29 SEVERE agentware.ServerConnection|(1) connection to server failed
java.net.ConnectException: Connection refused: connect
	at java.net.DualStackPlainSocketImpl.connect0(Native Method)
	at java.net.DualStackPlainSocketImpl.socketConnect(Unknown Source)
	at java.net.AbstractPlainSocketImpl.doConnect(Unknown Source)
	at java.net.AbstractPlainSocketImpl.connectToAddress(Unknown Source)
	at java.net.AbstractPlainSocketImpl.connect(Unknown Source)
	at java.net.PlainSocketImpl.connect(Unknown Source)
	at java.net.SocksSocketImpl.connect(Unknown Source)
	at java.net.Socket.connect(Unknown Source)
	at java.net.Socket.connect(Unknown Source)
	at java.net.Socket.<init>(Unknown Source)
	at java.net.Socket.<init>(Unknown Source)
	at tau.tac.adx.agentware.ServerConnection.connect(ServerConnection.java:136)
	at tau.tac.adx.agentware.ServerConnection.run(ServerConnection.java:199)
	at java.lang.Thread.run(Unknown Source)
02/12 17:16:29 SEVERE agentware.SimClient|************************************************************
02/12 17:16:29 SEVERE agentware.SimClient|* Connection Failed
02/12 17:16:29 SEVERE agentware.SimClient|* Could not connect to localhost (will retry in 30 seconds)
02/12 17:16:29 SEVERE agentware.SimClient|************************************************************
02/12 17:17:00 INFO agentware.SimClient|next simulation 42 starts in 59 seconds
02/12 17:23:53 INFO agentware.SimClient|next simulation starts in 6 seconds
02/12 17:24:36 INFO agentware.SimClient|next simulation 43 has already started
02/12 17:25:36 INFO agentware.SimClient|next simulation starts in 23 seconds
02/12 17:26:31 INFO agentware.SimClient|next simulation 44 has already started
