11/12 17:39:19 WARNING netlib.BLAS|Failed to load implementation from: com.github.fommil.netlib.NativeSystemBLAS
11/12 17:39:19 WARNING netlib.BLAS|Failed to load implementation from: com.github.fommil.netlib.NativeRefBLAS
11/12 17:39:19 WARNING netlib.LAPACK|Failed to load implementation from: com.github.fommil.netlib.NativeSystemLAPACK
11/12 17:39:19 WARNING netlib.LAPACK|Failed to load implementation from: com.github.fommil.netlib.NativeRefLAPACK
11/12 17:39:19 INFO agentware.SimClient|next simulation starts in 40 seconds
11/12 17:50:00 INFO agentware.SimClient|next simulation starts in 59 seconds
11/12 17:50:22 SEVERE agentware.ServerConnection|(1) could not read
java.io.EOFException
	at java.io.DataInputStream.readInt(DataInputStream.java:392)
	at tau.tac.adx.agentware.ServerConnection.run(ServerConnection.java:221)
	at java.lang.Thread.run(Thread.java:745)
11/12 17:50:22 SEVERE agentware.SimClient|************************************************************
11/12 17:50:22 SEVERE agentware.SimClient|* Connection Lost
11/12 17:50:22 SEVERE agentware.SimClient|* Lost connection to localhost (will reconnect in 30 seconds)
11/12 17:50:22 SEVERE agentware.SimClient|************************************************************
11/12 17:50:52 SEVERE agentware.ServerConnection|(2) connection to server failed
java.net.ConnectException: Connection refused
	at java.net.PlainSocketImpl.socketConnect(Native Method)
	at java.net.AbstractPlainSocketImpl.doConnect(AbstractPlainSocketImpl.java:339)
	at java.net.AbstractPlainSocketImpl.connectToAddress(AbstractPlainSocketImpl.java:200)
	at java.net.AbstractPlainSocketImpl.connect(AbstractPlainSocketImpl.java:182)
	at java.net.SocksSocketImpl.connect(SocksSocketImpl.java:392)
	at java.net.Socket.connect(Socket.java:579)
	at java.net.Socket.connect(Socket.java:528)
	at java.net.Socket.<init>(Socket.java:425)
	at java.net.Socket.<init>(Socket.java:208)
	at tau.tac.adx.agentware.ServerConnection.connect(ServerConnection.java:136)
	at tau.tac.adx.agentware.ServerConnection.run(ServerConnection.java:199)
	at java.lang.Thread.run(Thread.java:745)
11/12 17:50:52 SEVERE agentware.SimClient|************************************************************
11/12 17:50:52 SEVERE agentware.SimClient|* Connection Failed
11/12 17:50:52 SEVERE agentware.SimClient|* Could not connect to localhost (will retry in 30 seconds)
11/12 17:50:52 SEVERE agentware.SimClient|************************************************************
11/12 17:51:22 SEVERE agentware.ServerConnection|(2) connection to server failed
java.net.ConnectException: Connection refused
	at java.net.PlainSocketImpl.socketConnect(Native Method)
	at java.net.AbstractPlainSocketImpl.doConnect(AbstractPlainSocketImpl.java:339)
	at java.net.AbstractPlainSocketImpl.connectToAddress(AbstractPlainSocketImpl.java:200)
	at java.net.AbstractPlainSocketImpl.connect(AbstractPlainSocketImpl.java:182)
	at java.net.SocksSocketImpl.connect(SocksSocketImpl.java:392)
	at java.net.Socket.connect(Socket.java:579)
	at java.net.Socket.connect(Socket.java:528)
	at java.net.Socket.<init>(Socket.java:425)
	at java.net.Socket.<init>(Socket.java:208)
	at tau.tac.adx.agentware.ServerConnection.connect(ServerConnection.java:136)
	at tau.tac.adx.agentware.ServerConnection.run(ServerConnection.java:199)
	at java.lang.Thread.run(Thread.java:745)
11/12 17:51:22 SEVERE agentware.SimClient|************************************************************
11/12 17:51:22 SEVERE agentware.SimClient|* Connection Failed
11/12 17:51:22 SEVERE agentware.SimClient|* Could not connect to localhost (will retry in 30 seconds)
11/12 17:51:22 SEVERE agentware.SimClient|************************************************************
