07/12 14:29:00 INFO agentware.SimClient|next simulation starts in 359 seconds
07/12 14:29:00 INFO agentware.SimClient|[will reconnect in 5 minutes, 44 seconds]
07/12 14:34:45 INFO agentware.SimClient|next simulation 37 starts in 14 seconds
07/12 14:37:34 SEVERE agentware.ServerConnection|(3) connection to server failed
java.net.ConnectException: Connection refused
	at java.net.PlainSocketImpl.socketConnect(Native Method)
	at java.net.AbstractPlainSocketImpl.doConnect(AbstractPlainSocketImpl.java:350)
	at java.net.AbstractPlainSocketImpl.connectToAddress(AbstractPlainSocketImpl.java:206)
	at java.net.AbstractPlainSocketImpl.connect(AbstractPlainSocketImpl.java:188)
	at java.net.SocksSocketImpl.connect(SocksSocketImpl.java:392)
	at java.net.Socket.connect(Socket.java:589)
	at java.net.Socket.connect(Socket.java:538)
	at java.net.Socket.<init>(Socket.java:434)
	at java.net.Socket.<init>(Socket.java:211)
	at tau.tac.adx.agentware.ServerConnection.connect(ServerConnection.java:136)
	at tau.tac.adx.agentware.ServerConnection.run(ServerConnection.java:199)
	at java.lang.Thread.run(Thread.java:745)
07/12 14:37:34 SEVERE agentware.SimClient|************************************************************
07/12 14:37:34 SEVERE agentware.SimClient|* Connection Failed
07/12 14:37:34 SEVERE agentware.SimClient|* Could not connect to localhost (will retry in 30 seconds)
07/12 14:37:34 SEVERE agentware.SimClient|************************************************************
07/12 14:38:04 SEVERE agentware.ServerConnection|(3) connection to server failed
java.net.ConnectException: Connection refused
	at java.net.PlainSocketImpl.socketConnect(Native Method)
	at java.net.AbstractPlainSocketImpl.doConnect(AbstractPlainSocketImpl.java:350)
	at java.net.AbstractPlainSocketImpl.connectToAddress(AbstractPlainSocketImpl.java:206)
	at java.net.AbstractPlainSocketImpl.connect(AbstractPlainSocketImpl.java:188)
	at java.net.SocksSocketImpl.connect(SocksSocketImpl.java:392)
	at java.net.Socket.connect(Socket.java:589)
	at java.net.Socket.connect(Socket.java:538)
	at java.net.Socket.<init>(Socket.java:434)
	at java.net.Socket.<init>(Socket.java:211)
	at tau.tac.adx.agentware.ServerConnection.connect(ServerConnection.java:136)
	at tau.tac.adx.agentware.ServerConnection.run(ServerConnection.java:199)
	at java.lang.Thread.run(Thread.java:745)
07/12 14:38:04 SEVERE agentware.SimClient|************************************************************
07/12 14:38:04 SEVERE agentware.SimClient|* Connection Failed
07/12 14:38:04 SEVERE agentware.SimClient|* Could not connect to localhost (will retry in 30 seconds)
07/12 14:38:04 SEVERE agentware.SimClient|************************************************************
07/12 14:38:34 SEVERE agentware.ServerConnection|(3) connection to server failed
java.net.ConnectException: Connection refused
	at java.net.PlainSocketImpl.socketConnect(Native Method)
	at java.net.AbstractPlainSocketImpl.doConnect(AbstractPlainSocketImpl.java:350)
	at java.net.AbstractPlainSocketImpl.connectToAddress(AbstractPlainSocketImpl.java:206)
	at java.net.AbstractPlainSocketImpl.connect(AbstractPlainSocketImpl.java:188)
	at java.net.SocksSocketImpl.connect(SocksSocketImpl.java:392)
	at java.net.Socket.connect(Socket.java:589)
	at java.net.Socket.connect(Socket.java:538)
	at java.net.Socket.<init>(Socket.java:434)
	at java.net.Socket.<init>(Socket.java:211)
	at tau.tac.adx.agentware.ServerConnection.connect(ServerConnection.java:136)
	at tau.tac.adx.agentware.ServerConnection.run(ServerConnection.java:199)
	at java.lang.Thread.run(Thread.java:745)
07/12 14:38:34 SEVERE agentware.SimClient|************************************************************
07/12 14:38:34 SEVERE agentware.SimClient|* Connection Failed
07/12 14:38:34 SEVERE agentware.SimClient|* Could not connect to localhost (will retry in 30 seconds)
07/12 14:38:34 SEVERE agentware.SimClient|************************************************************
